Determining if the __INTEL_COMPILER exist failed with the following output:
Change Dir: /home/sif/lststools/dune/build/CMakeFiles/CMakeTmp

Run Build Command(s):/usr/bin/make cmTC_685d1/fast && /usr/bin/make -f CMakeFiles/cmTC_685d1.dir/build.make CMakeFiles/cmTC_685d1.dir/build
make[1]: Entering directory '/home/sif/lststools/dune/build/CMakeFiles/CMakeTmp'
Building C object CMakeFiles/cmTC_685d1.dir/CheckSymbolExists.c.o
/usr/bin/cc    -o CMakeFiles/cmTC_685d1.dir/CheckSymbolExists.c.o   -c /home/sif/lststools/dune/build/CMakeFiles/CMakeTmp/CheckSymbolExists.c
/home/sif/lststools/dune/build/CMakeFiles/CMakeTmp/CheckSymbolExists.c: In function ‘main’:
/home/sif/lststools/dune/build/CMakeFiles/CMakeTmp/CheckSymbolExists.c:8:19: error: ‘__INTEL_COMPILER’ undeclared (first use in this function)
    8 |   return ((int*)(&__INTEL_COMPILER))[argc];
      |                   ^~~~~~~~~~~~~~~~
/home/sif/lststools/dune/build/CMakeFiles/CMakeTmp/CheckSymbolExists.c:8:19: note: each undeclared identifier is reported only once for each function it appears in
make[1]: *** [CMakeFiles/cmTC_685d1.dir/build.make:66: CMakeFiles/cmTC_685d1.dir/CheckSymbolExists.c.o] Error 1
make[1]: Leaving directory '/home/sif/lststools/dune/build/CMakeFiles/CMakeTmp'
make: *** [Makefile:121: cmTC_685d1/fast] Error 2


File /home/sif/lststools/dune/build/CMakeFiles/CMakeTmp/CheckSymbolExists.c:
/* */
#include <stdio.h>

int main(int argc, char** argv)
{
  (void)argv;
#ifndef __INTEL_COMPILER
  return ((int*)(&__INTEL_COMPILER))[argc];
#else
  (void)argc;
  return 0;
#endif
}
Determining if the __SUNPRO_C exist failed with the following output:
Change Dir: /home/sif/lststools/dune/build/CMakeFiles/CMakeTmp

Run Build Command(s):/usr/bin/make cmTC_1fc34/fast && /usr/bin/make -f CMakeFiles/cmTC_1fc34.dir/build.make CMakeFiles/cmTC_1fc34.dir/build
make[1]: Entering directory '/home/sif/lststools/dune/build/CMakeFiles/CMakeTmp'
Building C object CMakeFiles/cmTC_1fc34.dir/CheckSymbolExists.c.o
/usr/bin/cc    -o CMakeFiles/cmTC_1fc34.dir/CheckSymbolExists.c.o   -c /home/sif/lststools/dune/build/CMakeFiles/CMakeTmp/CheckSymbolExists.c
/home/sif/lststools/dune/build/CMakeFiles/CMakeTmp/CheckSymbolExists.c: In function ‘main’:
/home/sif/lststools/dune/build/CMakeFiles/CMakeTmp/CheckSymbolExists.c:8:19: error: ‘__SUNPRO_C’ undeclared (first use in this function)
    8 |   return ((int*)(&__SUNPRO_C))[argc];
      |                   ^~~~~~~~~~
/home/sif/lststools/dune/build/CMakeFiles/CMakeTmp/CheckSymbolExists.c:8:19: note: each undeclared identifier is reported only once for each function it appears in
make[1]: *** [CMakeFiles/cmTC_1fc34.dir/build.make:66: CMakeFiles/cmTC_1fc34.dir/CheckSymbolExists.c.o] Error 1
make[1]: Leaving directory '/home/sif/lststools/dune/build/CMakeFiles/CMakeTmp'
make: *** [Makefile:121: cmTC_1fc34/fast] Error 2


File /home/sif/lststools/dune/build/CMakeFiles/CMakeTmp/CheckSymbolExists.c:
/* */
#include <stdio.h>

int main(int argc, char** argv)
{
  (void)argv;
#ifndef __SUNPRO_C
  return ((int*)(&__SUNPRO_C))[argc];
#else
  (void)argc;
  return 0;
#endif
}
Determining if the __clang__ exist failed with the following output:
Change Dir: /home/sif/lststools/dune/build/CMakeFiles/CMakeTmp

Run Build Command(s):/usr/bin/make cmTC_4b755/fast && /usr/bin/make -f CMakeFiles/cmTC_4b755.dir/build.make CMakeFiles/cmTC_4b755.dir/build
make[1]: Entering directory '/home/sif/lststools/dune/build/CMakeFiles/CMakeTmp'
Building C object CMakeFiles/cmTC_4b755.dir/CheckSymbolExists.c.o
/usr/bin/cc    -o CMakeFiles/cmTC_4b755.dir/CheckSymbolExists.c.o   -c /home/sif/lststools/dune/build/CMakeFiles/CMakeTmp/CheckSymbolExists.c
/home/sif/lststools/dune/build/CMakeFiles/CMakeTmp/CheckSymbolExists.c: In function ‘main’:
/home/sif/lststools/dune/build/CMakeFiles/CMakeTmp/CheckSymbolExists.c:8:19: error: ‘__clang__’ undeclared (first use in this function)
    8 |   return ((int*)(&__clang__))[argc];
      |                   ^~~~~~~~~
/home/sif/lststools/dune/build/CMakeFiles/CMakeTmp/CheckSymbolExists.c:8:19: note: each undeclared identifier is reported only once for each function it appears in
make[1]: *** [CMakeFiles/cmTC_4b755.dir/build.make:66: CMakeFiles/cmTC_4b755.dir/CheckSymbolExists.c.o] Error 1
make[1]: Leaving directory '/home/sif/lststools/dune/build/CMakeFiles/CMakeTmp'
make: *** [Makefile:121: cmTC_4b755/fast] Error 2


File /home/sif/lststools/dune/build/CMakeFiles/CMakeTmp/CheckSymbolExists.c:
/* */
#include <stdio.h>

int main(int argc, char** argv)
{
  (void)argv;
#ifndef __clang__
  return ((int*)(&__clang__))[argc];
#else
  (void)argc;
  return 0;
#endif
}
Performing C++ SOURCE FILE Test __ARCH64__ failed with the following output:
Change Dir: /home/sif/lststools/dune/build/CMakeFiles/CMakeTmp

Run Build Command(s):/usr/bin/make cmTC_fc25e/fast && /usr/bin/make -f CMakeFiles/cmTC_fc25e.dir/build.make CMakeFiles/cmTC_fc25e.dir/build
make[1]: Entering directory '/home/sif/lststools/dune/build/CMakeFiles/CMakeTmp'
Building CXX object CMakeFiles/cmTC_fc25e.dir/src.cxx.o
/usr/bin/c++    -D__ARCH64__   -o CMakeFiles/cmTC_fc25e.dir/src.cxx.o -c /home/sif/lststools/dune/build/CMakeFiles/CMakeTmp/src.cxx
/home/sif/lststools/dune/build/CMakeFiles/CMakeTmp/src.cxx:3:2: error: #error not defined
    3 | #error not defined
      |  ^~~~~
make[1]: *** [CMakeFiles/cmTC_fc25e.dir/build.make:66: CMakeFiles/cmTC_fc25e.dir/src.cxx.o] Error 1
make[1]: Leaving directory '/home/sif/lststools/dune/build/CMakeFiles/CMakeTmp'
make: *** [Makefile:121: cmTC_fc25e/fast] Error 2


Source file was:
#if defined(__arch64__)
#else
#error not defined
#endif
int main(void) {return 0; }

Performing C++ SOURCE FILE Test DUNE_CPU_MIXED_ENDIAN_DOUBLES failed with the following output:
Change Dir: /home/sif/lststools/dune/build/CMakeFiles/CMakeTmp

Run Build Command(s):/usr/bin/make cmTC_ec307/fast && /usr/bin/make -f CMakeFiles/cmTC_ec307.dir/build.make CMakeFiles/cmTC_ec307.dir/build
make[1]: Entering directory '/home/sif/lststools/dune/build/CMakeFiles/CMakeTmp'
Building CXX object CMakeFiles/cmTC_ec307.dir/src.cxx.o
/usr/bin/c++    -DDUNE_CPU_MIXED_ENDIAN_DOUBLES   -o CMakeFiles/cmTC_ec307.dir/src.cxx.o -c /home/sif/lststools/dune/build/CMakeFiles/CMakeTmp/src.cxx
/home/sif/lststools/dune/build/CMakeFiles/CMakeTmp/src.cxx:3:4: error: #error not ARM architecture
    3 | #  error not ARM architecture
      |    ^~~~~
make[1]: *** [CMakeFiles/cmTC_ec307.dir/build.make:66: CMakeFiles/cmTC_ec307.dir/src.cxx.o] Error 1
make[1]: Leaving directory '/home/sif/lststools/dune/build/CMakeFiles/CMakeTmp'
make: *** [Makefile:121: cmTC_ec307/fast] Error 2


Source file was:

#if !defined(__arm__)
#  error not ARM architecture
#endif

#if defined(__VFP_FP__)
#  error normal doubles.
#endif

int main(void) { return 0; }

Performing C++ SOURCE FILE Test DUNE_CPU_VARIANT_ATOM failed with the following output:
Change Dir: /home/sif/lststools/dune/build/CMakeFiles/CMakeTmp

Run Build Command(s):/usr/bin/make cmTC_78f75/fast && /usr/bin/make -f CMakeFiles/cmTC_78f75.dir/build.make CMakeFiles/cmTC_78f75.dir/build
make[1]: Entering directory '/home/sif/lststools/dune/build/CMakeFiles/CMakeTmp'
Building CXX object CMakeFiles/cmTC_78f75.dir/src.cxx.o
/usr/bin/c++    -DDUNE_CPU_VARIANT_ATOM   -o CMakeFiles/cmTC_78f75.dir/src.cxx.o -c /home/sif/lststools/dune/build/CMakeFiles/CMakeTmp/src.cxx
/home/sif/lststools/dune/build/CMakeFiles/CMakeTmp/src.cxx:2:2: error: #error undefined macro
    2 | #error undefined macro
      |  ^~~~~
make[1]: *** [CMakeFiles/cmTC_78f75.dir/build.make:66: CMakeFiles/cmTC_78f75.dir/src.cxx.o] Error 1
make[1]: Leaving directory '/home/sif/lststools/dune/build/CMakeFiles/CMakeTmp'
make: *** [Makefile:121: cmTC_78f75/fast] Error 2


Source file was:
#if !defined(__atom__)
#error undefined macro
#endif
int main(void){return 0;}
Performing C++ SOURCE FILE Test DUNE_CPU_VARIANT_GEODE failed with the following output:
Change Dir: /home/sif/lststools/dune/build/CMakeFiles/CMakeTmp

Run Build Command(s):/usr/bin/make cmTC_4fcad/fast && /usr/bin/make -f CMakeFiles/cmTC_4fcad.dir/build.make CMakeFiles/cmTC_4fcad.dir/build
make[1]: Entering directory '/home/sif/lststools/dune/build/CMakeFiles/CMakeTmp'
Building CXX object CMakeFiles/cmTC_4fcad.dir/src.cxx.o
/usr/bin/c++    -DDUNE_CPU_VARIANT_GEODE   -o CMakeFiles/cmTC_4fcad.dir/src.cxx.o -c /home/sif/lststools/dune/build/CMakeFiles/CMakeTmp/src.cxx
/home/sif/lststools/dune/build/CMakeFiles/CMakeTmp/src.cxx:2:2: error: #error undefined macro
    2 | #error undefined macro
      |  ^~~~~
make[1]: *** [CMakeFiles/cmTC_4fcad.dir/build.make:66: CMakeFiles/cmTC_4fcad.dir/src.cxx.o] Error 1
make[1]: Leaving directory '/home/sif/lststools/dune/build/CMakeFiles/CMakeTmp'
make: *** [Makefile:121: cmTC_4fcad/fast] Error 2


Source file was:
#if !defined(__geode__)
#error undefined macro
#endif
int main(void){return 0;}
Determining if the __ANDROID__ exist failed with the following output:
Change Dir: /home/sif/lststools/dune/build/CMakeFiles/CMakeTmp

Run Build Command(s):/usr/bin/make cmTC_5a2e8/fast && /usr/bin/make -f CMakeFiles/cmTC_5a2e8.dir/build.make CMakeFiles/cmTC_5a2e8.dir/build
make[1]: Entering directory '/home/sif/lststools/dune/build/CMakeFiles/CMakeTmp'
Building C object CMakeFiles/cmTC_5a2e8.dir/CheckSymbolExists.c.o
/usr/bin/cc    -o CMakeFiles/cmTC_5a2e8.dir/CheckSymbolExists.c.o   -c /home/sif/lststools/dune/build/CMakeFiles/CMakeTmp/CheckSymbolExists.c
/home/sif/lststools/dune/build/CMakeFiles/CMakeTmp/CheckSymbolExists.c: In function ‘main’:
/home/sif/lststools/dune/build/CMakeFiles/CMakeTmp/CheckSymbolExists.c:8:19: error: ‘__ANDROID__’ undeclared (first use in this function)
    8 |   return ((int*)(&__ANDROID__))[argc];
      |                   ^~~~~~~~~~~
/home/sif/lststools/dune/build/CMakeFiles/CMakeTmp/CheckSymbolExists.c:8:19: note: each undeclared identifier is reported only once for each function it appears in
make[1]: *** [CMakeFiles/cmTC_5a2e8.dir/build.make:66: CMakeFiles/cmTC_5a2e8.dir/CheckSymbolExists.c.o] Error 1
make[1]: Leaving directory '/home/sif/lststools/dune/build/CMakeFiles/CMakeTmp'
make: *** [Makefile:121: cmTC_5a2e8/fast] Error 2


File /home/sif/lststools/dune/build/CMakeFiles/CMakeTmp/CheckSymbolExists.c:
/* */
#include <stdio.h>

int main(int argc, char** argv)
{
  (void)argv;
#ifndef __ANDROID__
  return ((int*)(&__ANDROID__))[argc];
#else
  (void)argc;
  return 0;
#endif
}
Performing C++ SOURCE FILE Test OS_LINUX24 failed with the following output:
Change Dir: /home/sif/lststools/dune/build/CMakeFiles/CMakeTmp

Run Build Command(s):/usr/bin/make cmTC_25f57/fast && /usr/bin/make -f CMakeFiles/cmTC_25f57.dir/build.make CMakeFiles/cmTC_25f57.dir/build
make[1]: Entering directory '/home/sif/lststools/dune/build/CMakeFiles/CMakeTmp'
Building CXX object CMakeFiles/cmTC_25f57.dir/src.cxx.o
/usr/bin/c++    -DOS_LINUX24   -o CMakeFiles/cmTC_25f57.dir/src.cxx.o -c /home/sif/lststools/dune/build/CMakeFiles/CMakeTmp/src.cxx
/home/sif/lststools/dune/build/CMakeFiles/CMakeTmp/src.cxx:4:4: error: #error Linux 2.5 or greater
    4 | #  error Linux 2.5 or greater
      |    ^~~~~
make[1]: *** [CMakeFiles/cmTC_25f57.dir/build.make:66: CMakeFiles/cmTC_25f57.dir/src.cxx.o] Error 1
make[1]: Leaving directory '/home/sif/lststools/dune/build/CMakeFiles/CMakeTmp'
make: *** [Makefile:121: cmTC_25f57/fast] Error 2


Source file was:

#include <linux/version.h>
#if LINUX_VERSION_CODE >= KERNEL_VERSION(2, 5, 0)
#  error Linux 2.5 or greater
#endif

Performing C++ SOURCE FILE Test LLVM_LIBC failed with the following output:
Change Dir: /home/sif/lststools/dune/build/CMakeFiles/CMakeTmp

Run Build Command(s):/usr/bin/make cmTC_9fb39/fast && /usr/bin/make -f CMakeFiles/cmTC_9fb39.dir/build.make CMakeFiles/cmTC_9fb39.dir/build
make[1]: Entering directory '/home/sif/lststools/dune/build/CMakeFiles/CMakeTmp'
Building CXX object CMakeFiles/cmTC_9fb39.dir/src.cxx.o
/usr/bin/c++    -DLLVM_LIBC   -o CMakeFiles/cmTC_9fb39.dir/src.cxx.o -c /home/sif/lststools/dune/build/CMakeFiles/CMakeTmp/src.cxx
/home/sif/lststools/dune/build/CMakeFiles/CMakeTmp/src.cxx: In function ‘int main()’:
/home/sif/lststools/dune/build/CMakeFiles/CMakeTmp/src.cxx:2:26: error: ‘_LIBCPP_VERSION’ was not declared in this scope
    2 |  int main(void) { return _LIBCPP_VERSION; }
      |                          ^~~~~~~~~~~~~~~
make[1]: *** [CMakeFiles/cmTC_9fb39.dir/build.make:66: CMakeFiles/cmTC_9fb39.dir/src.cxx.o] Error 1
make[1]: Leaving directory '/home/sif/lststools/dune/build/CMakeFiles/CMakeTmp'
make: *** [Makefile:121: cmTC_9fb39/fast] Error 2


Source file was:
#include <cstddef>
 int main(void) { return _LIBCPP_VERSION; }
Determining if the __UCLIBC__ exist failed with the following output:
Change Dir: /home/sif/lststools/dune/build/CMakeFiles/CMakeTmp

Run Build Command(s):/usr/bin/make cmTC_c09be/fast && /usr/bin/make -f CMakeFiles/cmTC_c09be.dir/build.make CMakeFiles/cmTC_c09be.dir/build
make[1]: Entering directory '/home/sif/lststools/dune/build/CMakeFiles/CMakeTmp'
Building C object CMakeFiles/cmTC_c09be.dir/CheckSymbolExists.c.o
/usr/bin/cc    -o CMakeFiles/cmTC_c09be.dir/CheckSymbolExists.c.o   -c /home/sif/lststools/dune/build/CMakeFiles/CMakeTmp/CheckSymbolExists.c
/home/sif/lststools/dune/build/CMakeFiles/CMakeTmp/CheckSymbolExists.c: In function ‘main’:
/home/sif/lststools/dune/build/CMakeFiles/CMakeTmp/CheckSymbolExists.c:8:19: error: ‘__UCLIBC__’ undeclared (first use in this function); did you mean ‘__LINE__’?
    8 |   return ((int*)(&__UCLIBC__))[argc];
      |                   ^~~~~~~~~~
      |                   __LINE__
/home/sif/lststools/dune/build/CMakeFiles/CMakeTmp/CheckSymbolExists.c:8:19: note: each undeclared identifier is reported only once for each function it appears in
make[1]: *** [CMakeFiles/cmTC_c09be.dir/build.make:66: CMakeFiles/cmTC_c09be.dir/CheckSymbolExists.c.o] Error 1
make[1]: Leaving directory '/home/sif/lststools/dune/build/CMakeFiles/CMakeTmp'
make: *** [Makefile:121: cmTC_c09be/fast] Error 2


File /home/sif/lststools/dune/build/CMakeFiles/CMakeTmp/CheckSymbolExists.c:
/* */
#include <stdio.h>

int main(int argc, char** argv)
{
  (void)argv;
#ifndef __UCLIBC__
  return ((int*)(&__UCLIBC__))[argc];
#else
  (void)argc;
  return 0;
#endif
}
Determining if the __BIONIC__ exist failed with the following output:
Change Dir: /home/sif/lststools/dune/build/CMakeFiles/CMakeTmp

Run Build Command(s):/usr/bin/make cmTC_12d2b/fast && /usr/bin/make -f CMakeFiles/cmTC_12d2b.dir/build.make CMakeFiles/cmTC_12d2b.dir/build
make[1]: Entering directory '/home/sif/lststools/dune/build/CMakeFiles/CMakeTmp'
Building C object CMakeFiles/cmTC_12d2b.dir/CheckSymbolExists.c.o
/usr/bin/cc    -o CMakeFiles/cmTC_12d2b.dir/CheckSymbolExists.c.o   -c /home/sif/lststools/dune/build/CMakeFiles/CMakeTmp/CheckSymbolExists.c
/home/sif/lststools/dune/build/CMakeFiles/CMakeTmp/CheckSymbolExists.c: In function ‘main’:
/home/sif/lststools/dune/build/CMakeFiles/CMakeTmp/CheckSymbolExists.c:8:19: error: ‘__BIONIC__’ undeclared (first use in this function); did you mean ‘__LINE__’?
    8 |   return ((int*)(&__BIONIC__))[argc];
      |                   ^~~~~~~~~~
      |                   __LINE__
/home/sif/lststools/dune/build/CMakeFiles/CMakeTmp/CheckSymbolExists.c:8:19: note: each undeclared identifier is reported only once for each function it appears in
make[1]: *** [CMakeFiles/cmTC_12d2b.dir/build.make:66: CMakeFiles/cmTC_12d2b.dir/CheckSymbolExists.c.o] Error 1
make[1]: Leaving directory '/home/sif/lststools/dune/build/CMakeFiles/CMakeTmp'
make: *** [Makefile:121: cmTC_12d2b/fast] Error 2


File /home/sif/lststools/dune/build/CMakeFiles/CMakeTmp/CheckSymbolExists.c:
/* */
#include <stdio.h>

int main(int argc, char** argv)
{
  (void)argv;
#ifndef __BIONIC__
  return ((int*)(&__BIONIC__))[argc];
#else
  (void)argc;
  return 0;
#endif
}
Determining if the function getch exists in the ws2_32 failed with the following output:
Change Dir: /home/sif/lststools/dune/build/CMakeFiles/CMakeTmp

Run Build Command(s):/usr/bin/make cmTC_b77bd/fast && /usr/bin/make -f CMakeFiles/cmTC_b77bd.dir/build.make CMakeFiles/cmTC_b77bd.dir/build
make[1]: Entering directory '/home/sif/lststools/dune/build/CMakeFiles/CMakeTmp'
Building C object CMakeFiles/cmTC_b77bd.dir/CheckFunctionExists.c.o
/usr/bin/cc   -DCHECK_FUNCTION_EXISTS=getch   -o CMakeFiles/cmTC_b77bd.dir/CheckFunctionExists.c.o   -c /usr/share/cmake-3.16/Modules/CheckFunctionExists.c
Linking C executable cmTC_b77bd
/usr/bin/cmake -E cmake_link_script CMakeFiles/cmTC_b77bd.dir/link.txt --verbose=1
/usr/bin/cc  -DCHECK_FUNCTION_EXISTS=getch    -rdynamic CMakeFiles/cmTC_b77bd.dir/CheckFunctionExists.c.o  -o cmTC_b77bd  -lws2_32 -lrt 
/usr/bin/ld: cannot find -lws2_32
collect2: error: ld returned 1 exit status
make[1]: *** [CMakeFiles/cmTC_b77bd.dir/build.make:87: cmTC_b77bd] Error 1
make[1]: Leaving directory '/home/sif/lststools/dune/build/CMakeFiles/CMakeTmp'
make: *** [Makefile:121: cmTC_b77bd/fast] Error 2



Determining if the function getch exists in the wsock32 failed with the following output:
Change Dir: /home/sif/lststools/dune/build/CMakeFiles/CMakeTmp

Run Build Command(s):/usr/bin/make cmTC_1efdf/fast && /usr/bin/make -f CMakeFiles/cmTC_1efdf.dir/build.make CMakeFiles/cmTC_1efdf.dir/build
make[1]: Entering directory '/home/sif/lststools/dune/build/CMakeFiles/CMakeTmp'
Building C object CMakeFiles/cmTC_1efdf.dir/CheckFunctionExists.c.o
/usr/bin/cc   -DCHECK_FUNCTION_EXISTS=getch   -o CMakeFiles/cmTC_1efdf.dir/CheckFunctionExists.c.o   -c /usr/share/cmake-3.16/Modules/CheckFunctionExists.c
Linking C executable cmTC_1efdf
/usr/bin/cmake -E cmake_link_script CMakeFiles/cmTC_1efdf.dir/link.txt --verbose=1
/usr/bin/cc  -DCHECK_FUNCTION_EXISTS=getch    -rdynamic CMakeFiles/cmTC_1efdf.dir/CheckFunctionExists.c.o  -o cmTC_1efdf  -lwsock32 -lrt 
/usr/bin/ld: cannot find -lwsock32
collect2: error: ld returned 1 exit status
make[1]: *** [CMakeFiles/cmTC_1efdf.dir/build.make:87: cmTC_1efdf] Error 1
make[1]: Leaving directory '/home/sif/lststools/dune/build/CMakeFiles/CMakeTmp'
make: *** [Makefile:121: cmTC_1efdf/fast] Error 2



Determining if the function getch exists in the iphlpapi failed with the following output:
Change Dir: /home/sif/lststools/dune/build/CMakeFiles/CMakeTmp

Run Build Command(s):/usr/bin/make cmTC_8290c/fast && /usr/bin/make -f CMakeFiles/cmTC_8290c.dir/build.make CMakeFiles/cmTC_8290c.dir/build
make[1]: Entering directory '/home/sif/lststools/dune/build/CMakeFiles/CMakeTmp'
Building C object CMakeFiles/cmTC_8290c.dir/CheckFunctionExists.c.o
/usr/bin/cc   -DCHECK_FUNCTION_EXISTS=getch   -o CMakeFiles/cmTC_8290c.dir/CheckFunctionExists.c.o   -c /usr/share/cmake-3.16/Modules/CheckFunctionExists.c
Linking C executable cmTC_8290c
/usr/bin/cmake -E cmake_link_script CMakeFiles/cmTC_8290c.dir/link.txt --verbose=1
/usr/bin/cc  -DCHECK_FUNCTION_EXISTS=getch    -rdynamic CMakeFiles/cmTC_8290c.dir/CheckFunctionExists.c.o  -o cmTC_8290c  -liphlpapi -lrt 
/usr/bin/ld: cannot find -liphlpapi
collect2: error: ld returned 1 exit status
make[1]: *** [CMakeFiles/cmTC_8290c.dir/build.make:87: cmTC_8290c] Error 1
make[1]: Leaving directory '/home/sif/lststools/dune/build/CMakeFiles/CMakeTmp'
make: *** [Makefile:121: cmTC_8290c/fast] Error 2



Determining if the function setsockopt exists in the socket failed with the following output:
Change Dir: /home/sif/lststools/dune/build/CMakeFiles/CMakeTmp

Run Build Command(s):/usr/bin/make cmTC_75a73/fast && /usr/bin/make -f CMakeFiles/cmTC_75a73.dir/build.make CMakeFiles/cmTC_75a73.dir/build
make[1]: Entering directory '/home/sif/lststools/dune/build/CMakeFiles/CMakeTmp'
Building C object CMakeFiles/cmTC_75a73.dir/CheckFunctionExists.c.o
/usr/bin/cc   -DCHECK_FUNCTION_EXISTS=setsockopt   -o CMakeFiles/cmTC_75a73.dir/CheckFunctionExists.c.o   -c /usr/share/cmake-3.16/Modules/CheckFunctionExists.c
Linking C executable cmTC_75a73
/usr/bin/cmake -E cmake_link_script CMakeFiles/cmTC_75a73.dir/link.txt --verbose=1
/usr/bin/cc  -DCHECK_FUNCTION_EXISTS=setsockopt    -rdynamic CMakeFiles/cmTC_75a73.dir/CheckFunctionExists.c.o  -o cmTC_75a73  -lsocket -lrt 
/usr/bin/ld: cannot find -lsocket
collect2: error: ld returned 1 exit status
make[1]: *** [CMakeFiles/cmTC_75a73.dir/build.make:87: cmTC_75a73] Error 1
make[1]: Leaving directory '/home/sif/lststools/dune/build/CMakeFiles/CMakeTmp'
make: *** [Makefile:121: cmTC_75a73/fast] Error 2



Determining if the function inet_addr exists in the xnet failed with the following output:
Change Dir: /home/sif/lststools/dune/build/CMakeFiles/CMakeTmp

Run Build Command(s):/usr/bin/make cmTC_67680/fast && /usr/bin/make -f CMakeFiles/cmTC_67680.dir/build.make CMakeFiles/cmTC_67680.dir/build
make[1]: Entering directory '/home/sif/lststools/dune/build/CMakeFiles/CMakeTmp'
Building C object CMakeFiles/cmTC_67680.dir/CheckFunctionExists.c.o
/usr/bin/cc   -DCHECK_FUNCTION_EXISTS=inet_addr   -o CMakeFiles/cmTC_67680.dir/CheckFunctionExists.c.o   -c /usr/share/cmake-3.16/Modules/CheckFunctionExists.c
Linking C executable cmTC_67680
/usr/bin/cmake -E cmake_link_script CMakeFiles/cmTC_67680.dir/link.txt --verbose=1
/usr/bin/cc  -DCHECK_FUNCTION_EXISTS=inet_addr    -rdynamic CMakeFiles/cmTC_67680.dir/CheckFunctionExists.c.o  -o cmTC_67680  -lxnet -lrt -lpthread -lm 
/usr/bin/ld: cannot find -lxnet
collect2: error: ld returned 1 exit status
make[1]: *** [CMakeFiles/cmTC_67680.dir/build.make:87: cmTC_67680] Error 1
make[1]: Leaving directory '/home/sif/lststools/dune/build/CMakeFiles/CMakeTmp'
make: *** [Makefile:121: cmTC_67680/fast] Error 2



Determining if the function gettext exists in the intl failed with the following output:
Change Dir: /home/sif/lststools/dune/build/CMakeFiles/CMakeTmp

Run Build Command(s):/usr/bin/make cmTC_2c593/fast && /usr/bin/make -f CMakeFiles/cmTC_2c593.dir/build.make CMakeFiles/cmTC_2c593.dir/build
make[1]: Entering directory '/home/sif/lststools/dune/build/CMakeFiles/CMakeTmp'
Building C object CMakeFiles/cmTC_2c593.dir/CheckFunctionExists.c.o
/usr/bin/cc   -DCHECK_FUNCTION_EXISTS=gettext   -o CMakeFiles/cmTC_2c593.dir/CheckFunctionExists.c.o   -c /usr/share/cmake-3.16/Modules/CheckFunctionExists.c
<command-line>: warning: conflicting types for built-in function ‘gettext’; expected ‘char *(const char *)’ [-Wbuiltin-declaration-mismatch]
/usr/share/cmake-3.16/Modules/CheckFunctionExists.c:7:3: note: in expansion of macro ‘CHECK_FUNCTION_EXISTS’
    7 |   CHECK_FUNCTION_EXISTS(void);
      |   ^~~~~~~~~~~~~~~~~~~~~
Linking C executable cmTC_2c593
/usr/bin/cmake -E cmake_link_script CMakeFiles/cmTC_2c593.dir/link.txt --verbose=1
/usr/bin/cc  -DCHECK_FUNCTION_EXISTS=gettext    -rdynamic CMakeFiles/cmTC_2c593.dir/CheckFunctionExists.c.o  -o cmTC_2c593  -lintl -lrt -lpthread -lm -lnsl -ldl 
/usr/bin/ld: cannot find -lintl
collect2: error: ld returned 1 exit status
make[1]: *** [CMakeFiles/cmTC_2c593.dir/build.make:87: cmTC_2c593] Error 1
make[1]: Leaving directory '/home/sif/lststools/dune/build/CMakeFiles/CMakeTmp'
make: *** [Makefile:121: cmTC_2c593/fast] Error 2



Determining if the include file devctl.h exists failed with the following output:
Change Dir: /home/sif/lststools/dune/build/CMakeFiles/CMakeTmp

Run Build Command(s):/usr/bin/make cmTC_e638a/fast && /usr/bin/make -f CMakeFiles/cmTC_e638a.dir/build.make CMakeFiles/cmTC_e638a.dir/build
make[1]: Entering directory '/home/sif/lststools/dune/build/CMakeFiles/CMakeTmp'
Building CXX object CMakeFiles/cmTC_e638a.dir/CheckIncludeFile.cxx.o
/usr/bin/c++     -o CMakeFiles/cmTC_e638a.dir/CheckIncludeFile.cxx.o -c /home/sif/lststools/dune/build/CMakeFiles/CMakeTmp/CheckIncludeFile.cxx
/home/sif/lststools/dune/build/CMakeFiles/CMakeTmp/CheckIncludeFile.cxx:1:10: fatal error: devctl.h: No such file or directory
    1 | #include <devctl.h>
      |          ^~~~~~~~~~
compilation terminated.
make[1]: *** [CMakeFiles/cmTC_e638a.dir/build.make:66: CMakeFiles/cmTC_e638a.dir/CheckIncludeFile.cxx.o] Error 1
make[1]: Leaving directory '/home/sif/lststools/dune/build/CMakeFiles/CMakeTmp'
make: *** [Makefile:121: cmTC_e638a/fast] Error 2



Determining if the include file windows.h exists failed with the following output:
Change Dir: /home/sif/lststools/dune/build/CMakeFiles/CMakeTmp

Run Build Command(s):/usr/bin/make cmTC_5dc08/fast && /usr/bin/make -f CMakeFiles/cmTC_5dc08.dir/build.make CMakeFiles/cmTC_5dc08.dir/build
make[1]: Entering directory '/home/sif/lststools/dune/build/CMakeFiles/CMakeTmp'
Building CXX object CMakeFiles/cmTC_5dc08.dir/CheckIncludeFile.cxx.o
/usr/bin/c++     -o CMakeFiles/cmTC_5dc08.dir/CheckIncludeFile.cxx.o -c /home/sif/lststools/dune/build/CMakeFiles/CMakeTmp/CheckIncludeFile.cxx
/home/sif/lststools/dune/build/CMakeFiles/CMakeTmp/CheckIncludeFile.cxx:1:10: fatal error: windows.h: No such file or directory
    1 | #include <windows.h>
      |          ^~~~~~~~~~~
compilation terminated.
make[1]: *** [CMakeFiles/cmTC_5dc08.dir/build.make:66: CMakeFiles/cmTC_5dc08.dir/CheckIncludeFile.cxx.o] Error 1
make[1]: Leaving directory '/home/sif/lststools/dune/build/CMakeFiles/CMakeTmp'
make: *** [Makefile:121: cmTC_5dc08/fast] Error 2



Determining if the include file direct.h exists failed with the following output:
Change Dir: /home/sif/lststools/dune/build/CMakeFiles/CMakeTmp

Run Build Command(s):/usr/bin/make cmTC_b5bfe/fast && /usr/bin/make -f CMakeFiles/cmTC_b5bfe.dir/build.make CMakeFiles/cmTC_b5bfe.dir/build
make[1]: Entering directory '/home/sif/lststools/dune/build/CMakeFiles/CMakeTmp'
Building CXX object CMakeFiles/cmTC_b5bfe.dir/CheckIncludeFile.cxx.o
/usr/bin/c++     -o CMakeFiles/cmTC_b5bfe.dir/CheckIncludeFile.cxx.o -c /home/sif/lststools/dune/build/CMakeFiles/CMakeTmp/CheckIncludeFile.cxx
/home/sif/lststools/dune/build/CMakeFiles/CMakeTmp/CheckIncludeFile.cxx:1:10: fatal error: direct.h: No such file or directory
    1 | #include <direct.h>
      |          ^~~~~~~~~~
compilation terminated.
make[1]: *** [CMakeFiles/cmTC_b5bfe.dir/build.make:66: CMakeFiles/cmTC_b5bfe.dir/CheckIncludeFile.cxx.o] Error 1
make[1]: Leaving directory '/home/sif/lststools/dune/build/CMakeFiles/CMakeTmp'
make: *** [Makefile:121: cmTC_b5bfe/fast] Error 2



Determining if the include file winsock2.h exists failed with the following output:
Change Dir: /home/sif/lststools/dune/build/CMakeFiles/CMakeTmp

Run Build Command(s):/usr/bin/make cmTC_15ffc/fast && /usr/bin/make -f CMakeFiles/cmTC_15ffc.dir/build.make CMakeFiles/cmTC_15ffc.dir/build
make[1]: Entering directory '/home/sif/lststools/dune/build/CMakeFiles/CMakeTmp'
Building CXX object CMakeFiles/cmTC_15ffc.dir/CheckIncludeFile.cxx.o
/usr/bin/c++     -o CMakeFiles/cmTC_15ffc.dir/CheckIncludeFile.cxx.o -c /home/sif/lststools/dune/build/CMakeFiles/CMakeTmp/CheckIncludeFile.cxx
/home/sif/lststools/dune/build/CMakeFiles/CMakeTmp/CheckIncludeFile.cxx:1:10: fatal error: winsock2.h: No such file or directory
    1 | #include <winsock2.h>
      |          ^~~~~~~~~~~~
compilation terminated.
make[1]: *** [CMakeFiles/cmTC_15ffc.dir/build.make:66: CMakeFiles/cmTC_15ffc.dir/CheckIncludeFile.cxx.o] Error 1
make[1]: Leaving directory '/home/sif/lststools/dune/build/CMakeFiles/CMakeTmp'
make: *** [Makefile:121: cmTC_15ffc/fast] Error 2



Determining if the include file mach-o/dyld.h exists failed with the following output:
Change Dir: /home/sif/lststools/dune/build/CMakeFiles/CMakeTmp

Run Build Command(s):/usr/bin/make cmTC_7537c/fast && /usr/bin/make -f CMakeFiles/cmTC_7537c.dir/build.make CMakeFiles/cmTC_7537c.dir/build
make[1]: Entering directory '/home/sif/lststools/dune/build/CMakeFiles/CMakeTmp'
Building CXX object CMakeFiles/cmTC_7537c.dir/CheckIncludeFile.cxx.o
/usr/bin/c++     -o CMakeFiles/cmTC_7537c.dir/CheckIncludeFile.cxx.o -c /home/sif/lststools/dune/build/CMakeFiles/CMakeTmp/CheckIncludeFile.cxx
/home/sif/lststools/dune/build/CMakeFiles/CMakeTmp/CheckIncludeFile.cxx:1:10: fatal error: mach-o/dyld.h: No such file or directory
    1 | #include <mach-o/dyld.h>
      |          ^~~~~~~~~~~~~~~
compilation terminated.
make[1]: *** [CMakeFiles/cmTC_7537c.dir/build.make:66: CMakeFiles/cmTC_7537c.dir/CheckIncludeFile.cxx.o] Error 1
make[1]: Leaving directory '/home/sif/lststools/dune/build/CMakeFiles/CMakeTmp'
make: *** [Makefile:121: cmTC_7537c/fast] Error 2



Determining if the include file process.h exists failed with the following output:
Change Dir: /home/sif/lststools/dune/build/CMakeFiles/CMakeTmp

Run Build Command(s):/usr/bin/make cmTC_f6a06/fast && /usr/bin/make -f CMakeFiles/cmTC_f6a06.dir/build.make CMakeFiles/cmTC_f6a06.dir/build
make[1]: Entering directory '/home/sif/lststools/dune/build/CMakeFiles/CMakeTmp'
Building CXX object CMakeFiles/cmTC_f6a06.dir/CheckIncludeFile.cxx.o
/usr/bin/c++     -o CMakeFiles/cmTC_f6a06.dir/CheckIncludeFile.cxx.o -c /home/sif/lststools/dune/build/CMakeFiles/CMakeTmp/CheckIncludeFile.cxx
/home/sif/lststools/dune/build/CMakeFiles/CMakeTmp/CheckIncludeFile.cxx:1:10: fatal error: process.h: No such file or directory
    1 | #include <process.h>
      |          ^~~~~~~~~~~
compilation terminated.
make[1]: *** [CMakeFiles/cmTC_f6a06.dir/build.make:66: CMakeFiles/cmTC_f6a06.dir/CheckIncludeFile.cxx.o] Error 1
make[1]: Leaving directory '/home/sif/lststools/dune/build/CMakeFiles/CMakeTmp'
make: *** [Makefile:121: cmTC_f6a06/fast] Error 2



Determining if the include file bsp.h exists failed with the following output:
Change Dir: /home/sif/lststools/dune/build/CMakeFiles/CMakeTmp

Run Build Command(s):/usr/bin/make cmTC_83c02/fast && /usr/bin/make -f CMakeFiles/cmTC_83c02.dir/build.make CMakeFiles/cmTC_83c02.dir/build
make[1]: Entering directory '/home/sif/lststools/dune/build/CMakeFiles/CMakeTmp'
Building CXX object CMakeFiles/cmTC_83c02.dir/CheckIncludeFile.cxx.o
/usr/bin/c++     -o CMakeFiles/cmTC_83c02.dir/CheckIncludeFile.cxx.o -c /home/sif/lststools/dune/build/CMakeFiles/CMakeTmp/CheckIncludeFile.cxx
/home/sif/lststools/dune/build/CMakeFiles/CMakeTmp/CheckIncludeFile.cxx:1:10: fatal error: bsp.h: No such file or directory
    1 | #include <bsp.h>
      |          ^~~~~~~
compilation terminated.
make[1]: *** [CMakeFiles/cmTC_83c02.dir/build.make:66: CMakeFiles/cmTC_83c02.dir/CheckIncludeFile.cxx.o] Error 1
make[1]: Leaving directory '/home/sif/lststools/dune/build/CMakeFiles/CMakeTmp'
make: *** [Makefile:121: cmTC_83c02/fast] Error 2



Performing C++ SOURCE FILE Test DUNE_SYS_HAS_TIMEPPS_H failed with the following output:
Change Dir: /home/sif/lststools/dune/build/CMakeFiles/CMakeTmp

Run Build Command(s):/usr/bin/make cmTC_71c62/fast && /usr/bin/make -f CMakeFiles/cmTC_71c62.dir/build.make CMakeFiles/cmTC_71c62.dir/build
make[1]: Entering directory '/home/sif/lststools/dune/build/CMakeFiles/CMakeTmp'
Building CXX object CMakeFiles/cmTC_71c62.dir/src.cxx.o
/usr/bin/c++    -DDUNE_SYS_HAS_TIMEPPS_H   -o CMakeFiles/cmTC_71c62.dir/src.cxx.o -c /home/sif/lststools/dune/build/CMakeFiles/CMakeTmp/src.cxx
/home/sif/lststools/dune/build/CMakeFiles/CMakeTmp/src.cxx:3:10: fatal error: timepps.h: No such file or directory
    3 | #include <timepps.h>
      |          ^~~~~~~~~~~
compilation terminated.
make[1]: *** [CMakeFiles/cmTC_71c62.dir/build.make:66: CMakeFiles/cmTC_71c62.dir/src.cxx.o] Error 1
make[1]: Leaving directory '/home/sif/lststools/dune/build/CMakeFiles/CMakeTmp'
make: *** [Makefile:121: cmTC_71c62/fast] Error 2


Source file was:
#include <unistd.h>

#include <timepps.h>
int main(void){ return 0; }

Performing C++ SOURCE FILE Test DUNE_SYS_HAS_IPHLPAPI_H failed with the following output:
Change Dir: /home/sif/lststools/dune/build/CMakeFiles/CMakeTmp

Run Build Command(s):/usr/bin/make cmTC_77fc5/fast && /usr/bin/make -f CMakeFiles/cmTC_77fc5.dir/build.make CMakeFiles/cmTC_77fc5.dir/build
make[1]: Entering directory '/home/sif/lststools/dune/build/CMakeFiles/CMakeTmp'
Building CXX object CMakeFiles/cmTC_77fc5.dir/src.cxx.o
/usr/bin/c++    -DDUNE_SYS_HAS_IPHLPAPI_H   -o CMakeFiles/cmTC_77fc5.dir/src.cxx.o -c /home/sif/lststools/dune/build/CMakeFiles/CMakeTmp/src.cxx
/home/sif/lststools/dune/build/CMakeFiles/CMakeTmp/src.cxx:2:10: fatal error: iphlpapi.h: No such file or directory
    2 | #include <iphlpapi.h>
      |          ^~~~~~~~~~~~
compilation terminated.
make[1]: *** [CMakeFiles/cmTC_77fc5.dir/build.make:66: CMakeFiles/cmTC_77fc5.dir/src.cxx.o] Error 1
make[1]: Leaving directory '/home/sif/lststools/dune/build/CMakeFiles/CMakeTmp'
make: *** [Makefile:121: cmTC_77fc5/fast] Error 2


Source file was:

#include <iphlpapi.h>
int main(void){ return 0; }

Performing C++ SOURCE FILE Test DUNE_SYS_HAS_WS2TCPIP_H failed with the following output:
Change Dir: /home/sif/lststools/dune/build/CMakeFiles/CMakeTmp

Run Build Command(s):/usr/bin/make cmTC_817e0/fast && /usr/bin/make -f CMakeFiles/cmTC_817e0.dir/build.make CMakeFiles/cmTC_817e0.dir/build
make[1]: Entering directory '/home/sif/lststools/dune/build/CMakeFiles/CMakeTmp'
Building CXX object CMakeFiles/cmTC_817e0.dir/src.cxx.o
/usr/bin/c++    -DDUNE_SYS_HAS_WS2TCPIP_H   -o CMakeFiles/cmTC_817e0.dir/src.cxx.o -c /home/sif/lststools/dune/build/CMakeFiles/CMakeTmp/src.cxx
/home/sif/lststools/dune/build/CMakeFiles/CMakeTmp/src.cxx:2:10: fatal error: ws2tcpip.h: No such file or directory
    2 | #include <ws2tcpip.h>
      |          ^~~~~~~~~~~~
compilation terminated.
make[1]: *** [CMakeFiles/cmTC_817e0.dir/build.make:66: CMakeFiles/cmTC_817e0.dir/src.cxx.o] Error 1
make[1]: Leaving directory '/home/sif/lststools/dune/build/CMakeFiles/CMakeTmp'
make: *** [Makefile:121: cmTC_817e0/fast] Error 2


Source file was:

#include <ws2tcpip.h>
int main(void){ return 0; }

Performing C++ SOURCE FILE Test DUNE_SYS_HAS_WS2SPI_H failed with the following output:
Change Dir: /home/sif/lststools/dune/build/CMakeFiles/CMakeTmp

Run Build Command(s):/usr/bin/make cmTC_f06c9/fast && /usr/bin/make -f CMakeFiles/cmTC_f06c9.dir/build.make CMakeFiles/cmTC_f06c9.dir/build
make[1]: Entering directory '/home/sif/lststools/dune/build/CMakeFiles/CMakeTmp'
Building CXX object CMakeFiles/cmTC_f06c9.dir/src.cxx.o
/usr/bin/c++    -DDUNE_SYS_HAS_WS2SPI_H   -o CMakeFiles/cmTC_f06c9.dir/src.cxx.o -c /home/sif/lststools/dune/build/CMakeFiles/CMakeTmp/src.cxx
/home/sif/lststools/dune/build/CMakeFiles/CMakeTmp/src.cxx:2:10: fatal error: ws2spi.h: No such file or directory
    2 | #include <ws2spi.h>
      |          ^~~~~~~~~~
compilation terminated.
make[1]: *** [CMakeFiles/cmTC_f06c9.dir/build.make:66: CMakeFiles/cmTC_f06c9.dir/src.cxx.o] Error 1
make[1]: Leaving directory '/home/sif/lststools/dune/build/CMakeFiles/CMakeTmp'
make: *** [Makefile:121: cmTC_f06c9/fast] Error 2


Source file was:

#include <ws2spi.h>
int main(void){ return 0; }

Performing C++ SOURCE FILE Test DUNE_SYS_HAS_STRNCPY_S failed with the following output:
Change Dir: /home/sif/lststools/dune/build/CMakeFiles/CMakeTmp

Run Build Command(s):/usr/bin/make cmTC_1f63c/fast && /usr/bin/make -f CMakeFiles/cmTC_1f63c.dir/build.make CMakeFiles/cmTC_1f63c.dir/build
make[1]: Entering directory '/home/sif/lststools/dune/build/CMakeFiles/CMakeTmp'
Building CXX object CMakeFiles/cmTC_1f63c.dir/src.cxx.o
/usr/bin/c++    -DDUNE_SYS_HAS_STRNCPY_S -Wall -Wshadow -pedantic   -o CMakeFiles/cmTC_1f63c.dir/src.cxx.o -c /home/sif/lststools/dune/build/CMakeFiles/CMakeTmp/src.cxx
/home/sif/lststools/dune/build/CMakeFiles/CMakeTmp/src.cxx: In function ‘int main()’:
/home/sif/lststools/dune/build/CMakeFiles/CMakeTmp/src.cxx:4:1: error: ‘size_t’ was not declared in this scope
    4 | size_t xx;
      | ^~~~~~
/home/sif/lststools/dune/build/CMakeFiles/CMakeTmp/src.cxx:1:1: note: ‘size_t’ is defined in header ‘<cstddef>’; did you forget to ‘#include <cstddef>’?
  +++ |+#include <cstddef>
    1 | 
/home/sif/lststools/dune/build/CMakeFiles/CMakeTmp/src.cxx:6:7: error: expected ‘;’ before ‘xxxx’
    6 | size_t xxxx;
      |       ^~~~~
      |       ;
/home/sif/lststools/dune/build/CMakeFiles/CMakeTmp/src.cxx:8:2: error: ‘errno_t’ was not declared in this scope
    8 |  errno_t rv = strncpy_s(&x, xx, &xxx, xxxx);
      |  ^~~~~~~
/home/sif/lststools/dune/build/CMakeFiles/CMakeTmp/src.cxx:3:6: warning: unused variable ‘x’ [-Wunused-variable]
    3 | char x;
      |      ^
/home/sif/lststools/dune/build/CMakeFiles/CMakeTmp/src.cxx:5:6: warning: unused variable ‘xxx’ [-Wunused-variable]
    5 | char xxx;
      |      ^~~
make[1]: *** [CMakeFiles/cmTC_1f63c.dir/build.make:66: CMakeFiles/cmTC_1f63c.dir/src.cxx.o] Error 1
make[1]: Leaving directory '/home/sif/lststools/dune/build/CMakeFiles/CMakeTmp'
make: *** [Makefile:121: cmTC_1f63c/fast] Error 2


Source file was:

int main(void) {
char x;
size_t xx;
char xxx;
size_t xxxx;

 errno_t rv = strncpy_s(&x, xx, &xxx, xxxx);
return 0;
}

Performing C++ SOURCE FILE Test DUNE_SYS_HAS_VSNPRINTF_S failed with the following output:
Change Dir: /home/sif/lststools/dune/build/CMakeFiles/CMakeTmp

Run Build Command(s):/usr/bin/make cmTC_0fee8/fast && /usr/bin/make -f CMakeFiles/cmTC_0fee8.dir/build.make CMakeFiles/cmTC_0fee8.dir/build
make[1]: Entering directory '/home/sif/lststools/dune/build/CMakeFiles/CMakeTmp'
Building CXX object CMakeFiles/cmTC_0fee8.dir/src.cxx.o
/usr/bin/c++    -DDUNE_SYS_HAS_VSNPRINTF_S -Wall -Wshadow -pedantic   -o CMakeFiles/cmTC_0fee8.dir/src.cxx.o -c /home/sif/lststools/dune/build/CMakeFiles/CMakeTmp/src.cxx
/home/sif/lststools/dune/build/CMakeFiles/CMakeTmp/src.cxx: In function ‘int main()’:
/home/sif/lststools/dune/build/CMakeFiles/CMakeTmp/src.cxx:4:1: error: ‘size_t’ was not declared in this scope
    4 | size_t xx;
      | ^~~~~~
/home/sif/lststools/dune/build/CMakeFiles/CMakeTmp/src.cxx:1:1: note: ‘size_t’ is defined in header ‘<cstddef>’; did you forget to ‘#include <cstddef>’?
  +++ |+#include <cstddef>
    1 | 
/home/sif/lststools/dune/build/CMakeFiles/CMakeTmp/src.cxx:5:7: error: expected ‘;’ before ‘xxx’
    5 | size_t xxx;
      |       ^~~~
      |       ;
/home/sif/lststools/dune/build/CMakeFiles/CMakeTmp/src.cxx:7:2: error: ‘va_list’ was not declared in this scope
    7 |  va_list xxxxx;
      |  ^~~~~~~
/home/sif/lststools/dune/build/CMakeFiles/CMakeTmp/src.cxx:1:1: note: ‘va_list’ is defined in header ‘<cstdarg>’; did you forget to ‘#include <cstdarg>’?
  +++ |+#include <cstdarg>
    1 | 
/home/sif/lststools/dune/build/CMakeFiles/CMakeTmp/src.cxx:9:27: error: ‘xx’ was not declared in this scope; did you mean ‘x’?
    9 |  int rv = vsnprintf_s(&x, xx, xxx, &xxxx, xxxxx);
      |                           ^~
      |                           x
/home/sif/lststools/dune/build/CMakeFiles/CMakeTmp/src.cxx:9:31: error: ‘xxx’ was not declared in this scope; did you mean ‘xxxx’?
    9 |  int rv = vsnprintf_s(&x, xx, xxx, &xxxx, xxxxx);
      |                               ^~~
      |                               xxxx
/home/sif/lststools/dune/build/CMakeFiles/CMakeTmp/src.cxx:9:43: error: ‘xxxxx’ was not declared in this scope; did you mean ‘xxxx’?
    9 |  int rv = vsnprintf_s(&x, xx, xxx, &xxxx, xxxxx);
      |                                           ^~~~~
      |                                           xxxx
/home/sif/lststools/dune/build/CMakeFiles/CMakeTmp/src.cxx:9:11: error: ‘vsnprintf_s’ was not declared in this scope
    9 |  int rv = vsnprintf_s(&x, xx, xxx, &xxxx, xxxxx);
      |           ^~~~~~~~~~~
/home/sif/lststools/dune/build/CMakeFiles/CMakeTmp/src.cxx:9:6: warning: unused variable ‘rv’ [-Wunused-variable]
    9 |  int rv = vsnprintf_s(&x, xx, xxx, &xxxx, xxxxx);
      |      ^~
make[1]: *** [CMakeFiles/cmTC_0fee8.dir/build.make:66: CMakeFiles/cmTC_0fee8.dir/src.cxx.o] Error 1
make[1]: Leaving directory '/home/sif/lststools/dune/build/CMakeFiles/CMakeTmp'
make: *** [Makefile:121: cmTC_0fee8/fast] Error 2


Source file was:

int main(void) {
char x;
size_t xx;
size_t xxx;
char xxxx;
 va_list xxxxx;

 int rv = vsnprintf_s(&x, xx, xxx, &xxxx, xxxxx);
return 0;
}

Performing C++ SOURCE FILE Test DUNE_SYS_HAS_CLOSESOCKET failed with the following output:
Change Dir: /home/sif/lststools/dune/build/CMakeFiles/CMakeTmp

Run Build Command(s):/usr/bin/make cmTC_b53d1/fast && /usr/bin/make -f CMakeFiles/cmTC_b53d1.dir/build.make CMakeFiles/cmTC_b53d1.dir/build
make[1]: Entering directory '/home/sif/lststools/dune/build/CMakeFiles/CMakeTmp'
Building CXX object CMakeFiles/cmTC_b53d1.dir/src.cxx.o
/usr/bin/c++    -DDUNE_SYS_HAS_CLOSESOCKET -Wall -Wshadow -pedantic   -o CMakeFiles/cmTC_b53d1.dir/src.cxx.o -c /home/sif/lststools/dune/build/CMakeFiles/CMakeTmp/src.cxx
/home/sif/lststools/dune/build/CMakeFiles/CMakeTmp/src.cxx: In function ‘int main()’:
/home/sif/lststools/dune/build/CMakeFiles/CMakeTmp/src.cxx:3:1: error: ‘SOCKET’ was not declared in this scope
    3 | SOCKET x;
      | ^~~~~~
/home/sif/lststools/dune/build/CMakeFiles/CMakeTmp/src.cxx:5:23: error: ‘x’ was not declared in this scope
    5 |  int rv = closesocket(x);
      |                       ^
/home/sif/lststools/dune/build/CMakeFiles/CMakeTmp/src.cxx:5:11: error: ‘closesocket’ was not declared in this scope
    5 |  int rv = closesocket(x);
      |           ^~~~~~~~~~~
/home/sif/lststools/dune/build/CMakeFiles/CMakeTmp/src.cxx:5:6: warning: unused variable ‘rv’ [-Wunused-variable]
    5 |  int rv = closesocket(x);
      |      ^~
make[1]: *** [CMakeFiles/cmTC_b53d1.dir/build.make:66: CMakeFiles/cmTC_b53d1.dir/src.cxx.o] Error 1
make[1]: Leaving directory '/home/sif/lststools/dune/build/CMakeFiles/CMakeTmp'
make: *** [Makefile:121: cmTC_b53d1/fast] Error 2


Source file was:

int main(void) {
SOCKET x;

 int rv = closesocket(x);
return 0;
}

Performing C++ SOURCE FILE Test DUNE_SYS_HAS_PTHREAD_WIN32_PROCESS_ATTACH_NP failed with the following output:
Change Dir: /home/sif/lststools/dune/build/CMakeFiles/CMakeTmp

Run Build Command(s):/usr/bin/make cmTC_82ee1/fast && /usr/bin/make -f CMakeFiles/cmTC_82ee1.dir/build.make CMakeFiles/cmTC_82ee1.dir/build
make[1]: Entering directory '/home/sif/lststools/dune/build/CMakeFiles/CMakeTmp'
Building CXX object CMakeFiles/cmTC_82ee1.dir/src.cxx.o
/usr/bin/c++    -DDUNE_SYS_HAS_PTHREAD_WIN32_PROCESS_ATTACH_NP -Wall -Wshadow -pedantic   -o CMakeFiles/cmTC_82ee1.dir/src.cxx.o -c /home/sif/lststools/dune/build/CMakeFiles/CMakeTmp/src.cxx
/home/sif/lststools/dune/build/CMakeFiles/CMakeTmp/src.cxx: In function ‘int main()’:
/home/sif/lststools/dune/build/CMakeFiles/CMakeTmp/src.cxx:5:11: error: ‘pthread_win32_process_attach_np’ was not declared in this scope
    5 |  int rv = pthread_win32_process_attach_np();
      |           ^~~~~~~~~~~~~~~~~~~~~~~~~~~~~~~
/home/sif/lststools/dune/build/CMakeFiles/CMakeTmp/src.cxx:5:6: warning: unused variable ‘rv’ [-Wunused-variable]
    5 |  int rv = pthread_win32_process_attach_np();
      |      ^~
make[1]: *** [CMakeFiles/cmTC_82ee1.dir/build.make:66: CMakeFiles/cmTC_82ee1.dir/src.cxx.o] Error 1
make[1]: Leaving directory '/home/sif/lststools/dune/build/CMakeFiles/CMakeTmp'
make: *** [Makefile:121: cmTC_82ee1/fast] Error 2


Source file was:
#include <pthread.h>

int main(void) {

 int rv = pthread_win32_process_attach_np();
return 0;
}

Performing C++ SOURCE FILE Test DUNE_SYS_HAS__GETCWD failed with the following output:
Change Dir: /home/sif/lststools/dune/build/CMakeFiles/CMakeTmp

Run Build Command(s):/usr/bin/make cmTC_0ba44/fast && /usr/bin/make -f CMakeFiles/cmTC_0ba44.dir/build.make CMakeFiles/cmTC_0ba44.dir/build
make[1]: Entering directory '/home/sif/lststools/dune/build/CMakeFiles/CMakeTmp'
Building CXX object CMakeFiles/cmTC_0ba44.dir/src.cxx.o
/usr/bin/c++    -DDUNE_SYS_HAS__GETCWD -Wall -Wshadow -pedantic   -o CMakeFiles/cmTC_0ba44.dir/src.cxx.o -c /home/sif/lststools/dune/build/CMakeFiles/CMakeTmp/src.cxx
/home/sif/lststools/dune/build/CMakeFiles/CMakeTmp/src.cxx: In function ‘int main()’:
/home/sif/lststools/dune/build/CMakeFiles/CMakeTmp/src.cxx:6:13: error: ‘_getcwd’ was not declared in this scope
    6 |  char* rv = _getcwd(&x, xx);
      |             ^~~~~~~
/home/sif/lststools/dune/build/CMakeFiles/CMakeTmp/src.cxx:6:8: warning: unused variable ‘rv’ [-Wunused-variable]
    6 |  char* rv = _getcwd(&x, xx);
      |        ^~
make[1]: *** [CMakeFiles/cmTC_0ba44.dir/build.make:66: CMakeFiles/cmTC_0ba44.dir/src.cxx.o] Error 1
make[1]: Leaving directory '/home/sif/lststools/dune/build/CMakeFiles/CMakeTmp'
make: *** [Makefile:121: cmTC_0ba44/fast] Error 2


Source file was:

int main(void) {
char x;
int xx;

 char* rv = _getcwd(&x, xx);
return 0;
}

Performing C++ SOURCE FILE Test DUNE_SYS_HAS_FORMAT_MESSAGE failed with the following output:
Change Dir: /home/sif/lststools/dune/build/CMakeFiles/CMakeTmp

Run Build Command(s):/usr/bin/make cmTC_9b727/fast && /usr/bin/make -f CMakeFiles/cmTC_9b727.dir/build.make CMakeFiles/cmTC_9b727.dir/build
make[1]: Entering directory '/home/sif/lststools/dune/build/CMakeFiles/CMakeTmp'
Building CXX object CMakeFiles/cmTC_9b727.dir/src.cxx.o
/usr/bin/c++    -DDUNE_SYS_HAS_FORMAT_MESSAGE -Wall -Wshadow -pedantic   -o CMakeFiles/cmTC_9b727.dir/src.cxx.o -c /home/sif/lststools/dune/build/CMakeFiles/CMakeTmp/src.cxx
/home/sif/lststools/dune/build/CMakeFiles/CMakeTmp/src.cxx: In function ‘int main()’:
/home/sif/lststools/dune/build/CMakeFiles/CMakeTmp/src.cxx:3:1: error: ‘DWORD’ was not declared in this scope
    3 | DWORD x;
      | ^~~~~
/home/sif/lststools/dune/build/CMakeFiles/CMakeTmp/src.cxx:5:6: error: expected ‘;’ before ‘xxx’
    5 | DWORD xxx;
      |      ^~~~
      |      ;
/home/sif/lststools/dune/build/CMakeFiles/CMakeTmp/src.cxx:6:6: error: expected ‘;’ before ‘xxxx’
    6 | DWORD xxxx;
      |      ^~~~~
      |      ;
/home/sif/lststools/dune/build/CMakeFiles/CMakeTmp/src.cxx:8:6: error: expected ‘;’ before ‘xxxxxx’
    8 | DWORD xxxxxx;
      |      ^~~~~~~
      |      ;
/home/sif/lststools/dune/build/CMakeFiles/CMakeTmp/src.cxx:9:1: error: ‘va_list’ was not declared in this scope
    9 | va_list xxxxxxx;
      | ^~~~~~~
/home/sif/lststools/dune/build/CMakeFiles/CMakeTmp/src.cxx:1:1: note: ‘va_list’ is defined in header ‘<cstdarg>’; did you forget to ‘#include <cstdarg>’?
  +++ |+#include <cstdarg>
    1 | 
/home/sif/lststools/dune/build/CMakeFiles/CMakeTmp/src.cxx:11:7: error: expected ‘;’ before ‘rv’
   11 |  DWORD rv = FormatMessage(x, &xx, xxx, xxxx, &xxxxx, xxxxxx, &xxxxxxx);
      |       ^~~
      |       ;
/home/sif/lststools/dune/build/CMakeFiles/CMakeTmp/src.cxx:4:6: warning: unused variable ‘xx’ [-Wunused-variable]
    4 | char xx;
      |      ^~
/home/sif/lststools/dune/build/CMakeFiles/CMakeTmp/src.cxx:7:6: warning: unused variable ‘xxxxx’ [-Wunused-variable]
    7 | char xxxxx;
      |      ^~~~~
make[1]: *** [CMakeFiles/cmTC_9b727.dir/build.make:66: CMakeFiles/cmTC_9b727.dir/src.cxx.o] Error 1
make[1]: Leaving directory '/home/sif/lststools/dune/build/CMakeFiles/CMakeTmp'
make: *** [Makefile:121: cmTC_9b727/fast] Error 2


Source file was:

int main(void) {
DWORD x;
char xx;
DWORD xxx;
DWORD xxxx;
char xxxxx;
DWORD xxxxxx;
va_list xxxxxxx;

 DWORD rv = FormatMessage(x, &xx, xxx, xxxx, &xxxxx, xxxxxx, &xxxxxxx);
return 0;
}

Performing C++ SOURCE FILE Test DUNE_SYS_HAS_GET_SYSTEM_TIME_AS_FILE_TIME failed with the following output:
Change Dir: /home/sif/lststools/dune/build/CMakeFiles/CMakeTmp

Run Build Command(s):/usr/bin/make cmTC_6db02/fast && /usr/bin/make -f CMakeFiles/cmTC_6db02.dir/build.make CMakeFiles/cmTC_6db02.dir/build
make[1]: Entering directory '/home/sif/lststools/dune/build/CMakeFiles/CMakeTmp'
Building CXX object CMakeFiles/cmTC_6db02.dir/src.cxx.o
/usr/bin/c++    -DDUNE_SYS_HAS_GET_SYSTEM_TIME_AS_FILE_TIME -Wall -Wshadow -pedantic   -o CMakeFiles/cmTC_6db02.dir/src.cxx.o -c /home/sif/lststools/dune/build/CMakeFiles/CMakeTmp/src.cxx
/home/sif/lststools/dune/build/CMakeFiles/CMakeTmp/src.cxx: In function ‘int main()’:
/home/sif/lststools/dune/build/CMakeFiles/CMakeTmp/src.cxx:3:1: error: ‘FILETIME’ was not declared in this scope
    3 | FILETIME x;
      | ^~~~~~~~
/home/sif/lststools/dune/build/CMakeFiles/CMakeTmp/src.cxx:5:26: error: ‘x’ was not declared in this scope
    5 | GetSystemTimeAsFileTime(&x);
      |                          ^
/home/sif/lststools/dune/build/CMakeFiles/CMakeTmp/src.cxx:5:1: error: ‘GetSystemTimeAsFileTime’ was not declared in this scope
    5 | GetSystemTimeAsFileTime(&x);
      | ^~~~~~~~~~~~~~~~~~~~~~~
make[1]: *** [CMakeFiles/cmTC_6db02.dir/build.make:66: CMakeFiles/cmTC_6db02.dir/src.cxx.o] Error 1
make[1]: Leaving directory '/home/sif/lststools/dune/build/CMakeFiles/CMakeTmp'
make: *** [Makefile:121: cmTC_6db02/fast] Error 2


Source file was:

int main(void) {
FILETIME x;

GetSystemTimeAsFileTime(&x);
return 0;
}

Performing C++ SOURCE FILE Test DUNE_SYS_HAS_QUERY_PERFORMANCE_COUNTER failed with the following output:
Change Dir: /home/sif/lststools/dune/build/CMakeFiles/CMakeTmp

Run Build Command(s):/usr/bin/make cmTC_b7784/fast && /usr/bin/make -f CMakeFiles/cmTC_b7784.dir/build.make CMakeFiles/cmTC_b7784.dir/build
make[1]: Entering directory '/home/sif/lststools/dune/build/CMakeFiles/CMakeTmp'
Building CXX object CMakeFiles/cmTC_b7784.dir/src.cxx.o
/usr/bin/c++    -DDUNE_SYS_HAS_QUERY_PERFORMANCE_COUNTER -Wall -Wshadow -pedantic   -o CMakeFiles/cmTC_b7784.dir/src.cxx.o -c /home/sif/lststools/dune/build/CMakeFiles/CMakeTmp/src.cxx
/home/sif/lststools/dune/build/CMakeFiles/CMakeTmp/src.cxx: In function ‘int main()’:
/home/sif/lststools/dune/build/CMakeFiles/CMakeTmp/src.cxx:3:1: error: ‘LARGE_INTEGER’ was not declared in this scope
    3 | LARGE_INTEGER x;
      | ^~~~~~~~~~~~~
/home/sif/lststools/dune/build/CMakeFiles/CMakeTmp/src.cxx:5:37: error: ‘x’ was not declared in this scope
    5 |  bool rv = QueryPerformanceCounter(&x);
      |                                     ^
/home/sif/lststools/dune/build/CMakeFiles/CMakeTmp/src.cxx:5:12: error: ‘QueryPerformanceCounter’ was not declared in this scope
    5 |  bool rv = QueryPerformanceCounter(&x);
      |            ^~~~~~~~~~~~~~~~~~~~~~~
/home/sif/lststools/dune/build/CMakeFiles/CMakeTmp/src.cxx:5:7: warning: unused variable ‘rv’ [-Wunused-variable]
    5 |  bool rv = QueryPerformanceCounter(&x);
      |       ^~
make[1]: *** [CMakeFiles/cmTC_b7784.dir/build.make:66: CMakeFiles/cmTC_b7784.dir/src.cxx.o] Error 1
make[1]: Leaving directory '/home/sif/lststools/dune/build/CMakeFiles/CMakeTmp'
make: *** [Makefile:121: cmTC_b7784/fast] Error 2


Source file was:

int main(void) {
LARGE_INTEGER x;

 bool rv = QueryPerformanceCounter(&x);
return 0;
}

Performing C++ SOURCE FILE Test DUNE_SYS_HAS_GET_LAST_ERROR failed with the following output:
Change Dir: /home/sif/lststools/dune/build/CMakeFiles/CMakeTmp

Run Build Command(s):/usr/bin/make cmTC_18a63/fast && /usr/bin/make -f CMakeFiles/cmTC_18a63.dir/build.make CMakeFiles/cmTC_18a63.dir/build
make[1]: Entering directory '/home/sif/lststools/dune/build/CMakeFiles/CMakeTmp'
Building CXX object CMakeFiles/cmTC_18a63.dir/src.cxx.o
/usr/bin/c++    -DDUNE_SYS_HAS_GET_LAST_ERROR -Wall -Wshadow -pedantic   -o CMakeFiles/cmTC_18a63.dir/src.cxx.o -c /home/sif/lststools/dune/build/CMakeFiles/CMakeTmp/src.cxx
/home/sif/lststools/dune/build/CMakeFiles/CMakeTmp/src.cxx: In function ‘int main()’:
/home/sif/lststools/dune/build/CMakeFiles/CMakeTmp/src.cxx:4:2: error: ‘DWORD’ was not declared in this scope
    4 |  DWORD rv = GetLastError();
      |  ^~~~~
make[1]: *** [CMakeFiles/cmTC_18a63.dir/build.make:66: CMakeFiles/cmTC_18a63.dir/src.cxx.o] Error 1
make[1]: Leaving directory '/home/sif/lststools/dune/build/CMakeFiles/CMakeTmp'
make: *** [Makefile:121: cmTC_18a63/fast] Error 2


Source file was:

int main(void) {

 DWORD rv = GetLastError();
return 0;
}

Performing C++ SOURCE FILE Test DUNE_SYS_HAS_CREATE_WAITABLE_TIMER failed with the following output:
Change Dir: /home/sif/lststools/dune/build/CMakeFiles/CMakeTmp

Run Build Command(s):/usr/bin/make cmTC_e1f04/fast && /usr/bin/make -f CMakeFiles/cmTC_e1f04.dir/build.make CMakeFiles/cmTC_e1f04.dir/build
make[1]: Entering directory '/home/sif/lststools/dune/build/CMakeFiles/CMakeTmp'
Building CXX object CMakeFiles/cmTC_e1f04.dir/src.cxx.o
/usr/bin/c++    -DDUNE_SYS_HAS_CREATE_WAITABLE_TIMER -Wall -Wshadow -pedantic   -o CMakeFiles/cmTC_e1f04.dir/src.cxx.o -c /home/sif/lststools/dune/build/CMakeFiles/CMakeTmp/src.cxx
/home/sif/lststools/dune/build/CMakeFiles/CMakeTmp/src.cxx: In function ‘int main()’:
/home/sif/lststools/dune/build/CMakeFiles/CMakeTmp/src.cxx:3:1: error: ‘SECURITY_ATTRIBUTES’ was not declared in this scope
    3 | SECURITY_ATTRIBUTES x;
      | ^~~~~~~~~~~~~~~~~~~
/home/sif/lststools/dune/build/CMakeFiles/CMakeTmp/src.cxx:4:1: error: ‘BOOL’ was not declared in this scope
    4 | BOOL xx;
      | ^~~~
/home/sif/lststools/dune/build/CMakeFiles/CMakeTmp/src.cxx:7:2: error: ‘HANDLE’ was not declared in this scope
    7 |  HANDLE rv = CreateWaitableTimer(&x, xx, &xxx);
      |  ^~~~~~
/home/sif/lststools/dune/build/CMakeFiles/CMakeTmp/src.cxx:5:6: warning: unused variable ‘xxx’ [-Wunused-variable]
    5 | char xxx;
      |      ^~~
make[1]: *** [CMakeFiles/cmTC_e1f04.dir/build.make:66: CMakeFiles/cmTC_e1f04.dir/src.cxx.o] Error 1
make[1]: Leaving directory '/home/sif/lststools/dune/build/CMakeFiles/CMakeTmp'
make: *** [Makefile:121: cmTC_e1f04/fast] Error 2


Source file was:

int main(void) {
SECURITY_ATTRIBUTES x;
BOOL xx;
char xxx;

 HANDLE rv = CreateWaitableTimer(&x, xx, &xxx);
return 0;
}

Performing C++ SOURCE FILE Test DUNE_SYS_HAS_GET_MODULE_FILE_NAME failed with the following output:
Change Dir: /home/sif/lststools/dune/build/CMakeFiles/CMakeTmp

Run Build Command(s):/usr/bin/make cmTC_f5ab7/fast && /usr/bin/make -f CMakeFiles/cmTC_f5ab7.dir/build.make CMakeFiles/cmTC_f5ab7.dir/build
make[1]: Entering directory '/home/sif/lststools/dune/build/CMakeFiles/CMakeTmp'
Building CXX object CMakeFiles/cmTC_f5ab7.dir/src.cxx.o
/usr/bin/c++    -DDUNE_SYS_HAS_GET_MODULE_FILE_NAME -Wall -Wshadow -pedantic   -o CMakeFiles/cmTC_f5ab7.dir/src.cxx.o -c /home/sif/lststools/dune/build/CMakeFiles/CMakeTmp/src.cxx
/home/sif/lststools/dune/build/CMakeFiles/CMakeTmp/src.cxx: In function ‘int main()’:
/home/sif/lststools/dune/build/CMakeFiles/CMakeTmp/src.cxx:3:1: error: ‘HMODULE’ was not declared in this scope
    3 | HMODULE x;
      | ^~~~~~~
/home/sif/lststools/dune/build/CMakeFiles/CMakeTmp/src.cxx:4:1: error: ‘LPSTR’ was not declared in this scope
    4 | LPSTR xx;
      | ^~~~~
/home/sif/lststools/dune/build/CMakeFiles/CMakeTmp/src.cxx:5:1: error: ‘DWORD’ was not declared in this scope
    5 | DWORD xxx;
      | ^~~~~
/home/sif/lststools/dune/build/CMakeFiles/CMakeTmp/src.cxx:7:7: error: expected ‘;’ before ‘rv’
    7 |  DWORD rv = GetModuleFileName(x, xx, xxx);
      |       ^~~
      |       ;
make[1]: *** [CMakeFiles/cmTC_f5ab7.dir/build.make:66: CMakeFiles/cmTC_f5ab7.dir/src.cxx.o] Error 1
make[1]: Leaving directory '/home/sif/lststools/dune/build/CMakeFiles/CMakeTmp'
make: *** [Makefile:121: cmTC_f5ab7/fast] Error 2


Source file was:

int main(void) {
HMODULE x;
LPSTR xx;
DWORD xxx;

 DWORD rv = GetModuleFileName(x, xx, xxx);
return 0;
}

Performing C++ SOURCE FILE Test DUNE_SYS_HAS_LOAD_LIBRARY failed with the following output:
Change Dir: /home/sif/lststools/dune/build/CMakeFiles/CMakeTmp

Run Build Command(s):/usr/bin/make cmTC_3f2ab/fast && /usr/bin/make -f CMakeFiles/cmTC_3f2ab.dir/build.make CMakeFiles/cmTC_3f2ab.dir/build
make[1]: Entering directory '/home/sif/lststools/dune/build/CMakeFiles/CMakeTmp'
Building CXX object CMakeFiles/cmTC_3f2ab.dir/src.cxx.o
/usr/bin/c++    -DDUNE_SYS_HAS_LOAD_LIBRARY -Wall -Wshadow -pedantic   -o CMakeFiles/cmTC_3f2ab.dir/src.cxx.o -c /home/sif/lststools/dune/build/CMakeFiles/CMakeTmp/src.cxx
/home/sif/lststools/dune/build/CMakeFiles/CMakeTmp/src.cxx: In function ‘int main()’:
/home/sif/lststools/dune/build/CMakeFiles/CMakeTmp/src.cxx:5:2: error: ‘HMODULE’ was not declared in this scope
    5 |  HMODULE rv = LoadLibrary(&x);
      |  ^~~~~~~
/home/sif/lststools/dune/build/CMakeFiles/CMakeTmp/src.cxx:3:6: warning: unused variable ‘x’ [-Wunused-variable]
    3 | char x;
      |      ^
make[1]: *** [CMakeFiles/cmTC_3f2ab.dir/build.make:66: CMakeFiles/cmTC_3f2ab.dir/src.cxx.o] Error 1
make[1]: Leaving directory '/home/sif/lststools/dune/build/CMakeFiles/CMakeTmp'
make: *** [Makefile:121: cmTC_3f2ab/fast] Error 2


Source file was:

int main(void) {
char x;

 HMODULE rv = LoadLibrary(&x);
return 0;
}

Performing C++ SOURCE FILE Test DUNE_SYS_HAS_TLS_ALLOC failed with the following output:
Change Dir: /home/sif/lststools/dune/build/CMakeFiles/CMakeTmp

Run Build Command(s):/usr/bin/make cmTC_ecdb6/fast && /usr/bin/make -f CMakeFiles/cmTC_ecdb6.dir/build.make CMakeFiles/cmTC_ecdb6.dir/build
make[1]: Entering directory '/home/sif/lststools/dune/build/CMakeFiles/CMakeTmp'
Building CXX object CMakeFiles/cmTC_ecdb6.dir/src.cxx.o
/usr/bin/c++    -DDUNE_SYS_HAS_TLS_ALLOC -Wall -Wshadow -pedantic   -o CMakeFiles/cmTC_ecdb6.dir/src.cxx.o -c /home/sif/lststools/dune/build/CMakeFiles/CMakeTmp/src.cxx
/home/sif/lststools/dune/build/CMakeFiles/CMakeTmp/src.cxx: In function ‘int main()’:
/home/sif/lststools/dune/build/CMakeFiles/CMakeTmp/src.cxx:4:2: error: ‘DWORD’ was not declared in this scope
    4 |  DWORD rv = TlsAlloc();
      |  ^~~~~
make[1]: *** [CMakeFiles/cmTC_ecdb6.dir/build.make:66: CMakeFiles/cmTC_ecdb6.dir/src.cxx.o] Error 1
make[1]: Leaving directory '/home/sif/lststools/dune/build/CMakeFiles/CMakeTmp'
make: *** [Makefile:121: cmTC_ecdb6/fast] Error 2


Source file was:

int main(void) {

 DWORD rv = TlsAlloc();
return 0;
}

Performing C++ SOURCE FILE Test DUNE_SYS_HAS_CREATE_DIRECTORY failed with the following output:
Change Dir: /home/sif/lststools/dune/build/CMakeFiles/CMakeTmp

Run Build Command(s):/usr/bin/make cmTC_9d50e/fast && /usr/bin/make -f CMakeFiles/cmTC_9d50e.dir/build.make CMakeFiles/cmTC_9d50e.dir/build
make[1]: Entering directory '/home/sif/lststools/dune/build/CMakeFiles/CMakeTmp'
Building CXX object CMakeFiles/cmTC_9d50e.dir/src.cxx.o
/usr/bin/c++    -DDUNE_SYS_HAS_CREATE_DIRECTORY -Wall -Wshadow -pedantic   -o CMakeFiles/cmTC_9d50e.dir/src.cxx.o -c /home/sif/lststools/dune/build/CMakeFiles/CMakeTmp/src.cxx
/home/sif/lststools/dune/build/CMakeFiles/CMakeTmp/src.cxx: In function ‘int main()’:
/home/sif/lststools/dune/build/CMakeFiles/CMakeTmp/src.cxx:3:1: error: ‘LPCTSTR’ was not declared in this scope
    3 | LPCTSTR x;
      | ^~~~~~~
/home/sif/lststools/dune/build/CMakeFiles/CMakeTmp/src.cxx:4:1: error: ‘LPSECURITY_ATTRIBUTES’ was not declared in this scope
    4 | LPSECURITY_ATTRIBUTES xx;
      | ^~~~~~~~~~~~~~~~~~~~~
/home/sif/lststools/dune/build/CMakeFiles/CMakeTmp/src.cxx:6:2: error: ‘BOOL’ was not declared in this scope
    6 |  BOOL rv = CreateDirectory(x, xx);
      |  ^~~~
make[1]: *** [CMakeFiles/cmTC_9d50e.dir/build.make:66: CMakeFiles/cmTC_9d50e.dir/src.cxx.o] Error 1
make[1]: Leaving directory '/home/sif/lststools/dune/build/CMakeFiles/CMakeTmp'
make: *** [Makefile:121: cmTC_9d50e/fast] Error 2


Source file was:

int main(void) {
LPCTSTR x;
LPSECURITY_ATTRIBUTES xx;

 BOOL rv = CreateDirectory(x, xx);
return 0;
}

Performing C++ SOURCE FILE Test DUNE_SYS_HAS_WSA_STARTUP failed with the following output:
Change Dir: /home/sif/lststools/dune/build/CMakeFiles/CMakeTmp

Run Build Command(s):/usr/bin/make cmTC_c2ab3/fast && /usr/bin/make -f CMakeFiles/cmTC_c2ab3.dir/build.make CMakeFiles/cmTC_c2ab3.dir/build
make[1]: Entering directory '/home/sif/lststools/dune/build/CMakeFiles/CMakeTmp'
Building CXX object CMakeFiles/cmTC_c2ab3.dir/src.cxx.o
/usr/bin/c++    -DDUNE_SYS_HAS_WSA_STARTUP -Wall -Wshadow -pedantic   -o CMakeFiles/cmTC_c2ab3.dir/src.cxx.o -c /home/sif/lststools/dune/build/CMakeFiles/CMakeTmp/src.cxx
/home/sif/lststools/dune/build/CMakeFiles/CMakeTmp/src.cxx: In function ‘int main()’:
/home/sif/lststools/dune/build/CMakeFiles/CMakeTmp/src.cxx:3:1: error: ‘WORD’ was not declared in this scope
    3 | WORD x;
      | ^~~~
/home/sif/lststools/dune/build/CMakeFiles/CMakeTmp/src.cxx:4:1: error: ‘WSADATA’ was not declared in this scope
    4 | WSADATA xx;
      | ^~~~~~~
/home/sif/lststools/dune/build/CMakeFiles/CMakeTmp/src.cxx:6:22: error: ‘x’ was not declared in this scope
    6 |  int rv = WSAStartup(x, &xx);
      |                      ^
/home/sif/lststools/dune/build/CMakeFiles/CMakeTmp/src.cxx:6:26: error: ‘xx’ was not declared in this scope
    6 |  int rv = WSAStartup(x, &xx);
      |                          ^~
/home/sif/lststools/dune/build/CMakeFiles/CMakeTmp/src.cxx:6:11: error: ‘WSAStartup’ was not declared in this scope
    6 |  int rv = WSAStartup(x, &xx);
      |           ^~~~~~~~~~
/home/sif/lststools/dune/build/CMakeFiles/CMakeTmp/src.cxx:6:6: warning: unused variable ‘rv’ [-Wunused-variable]
    6 |  int rv = WSAStartup(x, &xx);
      |      ^~
make[1]: *** [CMakeFiles/cmTC_c2ab3.dir/build.make:66: CMakeFiles/cmTC_c2ab3.dir/src.cxx.o] Error 1
make[1]: Leaving directory '/home/sif/lststools/dune/build/CMakeFiles/CMakeTmp'
make: *** [Makefile:121: cmTC_c2ab3/fast] Error 2


Source file was:

int main(void) {
WORD x;
WSADATA xx;

 int rv = WSAStartup(x, &xx);
return 0;
}

Performing C++ SOURCE FILE Test DUNE_SYS_HAS_WSA_CLEANUP failed with the following output:
Change Dir: /home/sif/lststools/dune/build/CMakeFiles/CMakeTmp

Run Build Command(s):/usr/bin/make cmTC_91975/fast && /usr/bin/make -f CMakeFiles/cmTC_91975.dir/build.make CMakeFiles/cmTC_91975.dir/build
make[1]: Entering directory '/home/sif/lststools/dune/build/CMakeFiles/CMakeTmp'
Building CXX object CMakeFiles/cmTC_91975.dir/src.cxx.o
/usr/bin/c++    -DDUNE_SYS_HAS_WSA_CLEANUP -Wall -Wshadow -pedantic   -o CMakeFiles/cmTC_91975.dir/src.cxx.o -c /home/sif/lststools/dune/build/CMakeFiles/CMakeTmp/src.cxx
/home/sif/lststools/dune/build/CMakeFiles/CMakeTmp/src.cxx: In function ‘int main()’:
/home/sif/lststools/dune/build/CMakeFiles/CMakeTmp/src.cxx:4:11: error: ‘WSACleanup’ was not declared in this scope
    4 |  int rv = WSACleanup();
      |           ^~~~~~~~~~
/home/sif/lststools/dune/build/CMakeFiles/CMakeTmp/src.cxx:4:6: warning: unused variable ‘rv’ [-Wunused-variable]
    4 |  int rv = WSACleanup();
      |      ^~
make[1]: *** [CMakeFiles/cmTC_91975.dir/build.make:66: CMakeFiles/cmTC_91975.dir/src.cxx.o] Error 1
make[1]: Leaving directory '/home/sif/lststools/dune/build/CMakeFiles/CMakeTmp'
make: *** [Makefile:121: cmTC_91975/fast] Error 2


Source file was:

int main(void) {

 int rv = WSACleanup();
return 0;
}

Performing C++ SOURCE FILE Test DUNE_SYS_HAS_WSA_STRING_TO_ADDRESS failed with the following output:
Change Dir: /home/sif/lststools/dune/build/CMakeFiles/CMakeTmp

Run Build Command(s):/usr/bin/make cmTC_194d2/fast && /usr/bin/make -f CMakeFiles/cmTC_194d2.dir/build.make CMakeFiles/cmTC_194d2.dir/build
make[1]: Entering directory '/home/sif/lststools/dune/build/CMakeFiles/CMakeTmp'
Building CXX object CMakeFiles/cmTC_194d2.dir/src.cxx.o
/usr/bin/c++    -DDUNE_SYS_HAS_WSA_STRING_TO_ADDRESS -Wall -Wshadow -pedantic   -o CMakeFiles/cmTC_194d2.dir/src.cxx.o -c /home/sif/lststools/dune/build/CMakeFiles/CMakeTmp/src.cxx
/home/sif/lststools/dune/build/CMakeFiles/CMakeTmp/src.cxx: In function ‘int main()’:
/home/sif/lststools/dune/build/CMakeFiles/CMakeTmp/src.cxx:5:1: error: ‘WSAPROTOCOL_INFO’ was not declared in this scope
    5 | WSAPROTOCOL_INFO xxx;
      | ^~~~~~~~~~~~~~~~
/home/sif/lststools/dune/build/CMakeFiles/CMakeTmp/src.cxx:6:1: error: ‘SOCKADDR’ was not declared in this scope
    6 | SOCKADDR xxxx;
      | ^~~~~~~~
/home/sif/lststools/dune/build/CMakeFiles/CMakeTmp/src.cxx:9:39: error: ‘xxx’ was not declared in this scope; did you mean ‘xx’?
    9 |  int rv = WSAStringToAddress(&x, xx, &xxx, &xxxx, &xxxxx);
      |                                       ^~~
      |                                       xx
/home/sif/lststools/dune/build/CMakeFiles/CMakeTmp/src.cxx:9:45: error: ‘xxxx’ was not declared in this scope; did you mean ‘xxxxx’?
    9 |  int rv = WSAStringToAddress(&x, xx, &xxx, &xxxx, &xxxxx);
      |                                             ^~~~
      |                                             xxxxx
/home/sif/lststools/dune/build/CMakeFiles/CMakeTmp/src.cxx:9:11: error: ‘WSAStringToAddress’ was not declared in this scope
    9 |  int rv = WSAStringToAddress(&x, xx, &xxx, &xxxx, &xxxxx);
      |           ^~~~~~~~~~~~~~~~~~
/home/sif/lststools/dune/build/CMakeFiles/CMakeTmp/src.cxx:9:6: warning: unused variable ‘rv’ [-Wunused-variable]
    9 |  int rv = WSAStringToAddress(&x, xx, &xxx, &xxxx, &xxxxx);
      |      ^~
make[1]: *** [CMakeFiles/cmTC_194d2.dir/build.make:66: CMakeFiles/cmTC_194d2.dir/src.cxx.o] Error 1
make[1]: Leaving directory '/home/sif/lststools/dune/build/CMakeFiles/CMakeTmp'
make: *** [Makefile:121: cmTC_194d2/fast] Error 2


Source file was:

int main(void) {
char x;
int xx;
WSAPROTOCOL_INFO xxx;
SOCKADDR xxxx;
int xxxxx;

 int rv = WSAStringToAddress(&x, xx, &xxx, &xxxx, &xxxxx);
return 0;
}

Performing C++ SOURCE FILE Test DUNE_SYS_HAS_WSA_IOCTL failed with the following output:
Change Dir: /home/sif/lststools/dune/build/CMakeFiles/CMakeTmp

Run Build Command(s):/usr/bin/make cmTC_0c1f7/fast && /usr/bin/make -f CMakeFiles/cmTC_0c1f7.dir/build.make CMakeFiles/cmTC_0c1f7.dir/build
make[1]: Entering directory '/home/sif/lststools/dune/build/CMakeFiles/CMakeTmp'
Building CXX object CMakeFiles/cmTC_0c1f7.dir/src.cxx.o
/usr/bin/c++    -DDUNE_SYS_HAS_WSA_IOCTL -Wall -Wshadow -pedantic   -o CMakeFiles/cmTC_0c1f7.dir/src.cxx.o -c /home/sif/lststools/dune/build/CMakeFiles/CMakeTmp/src.cxx
/home/sif/lststools/dune/build/CMakeFiles/CMakeTmp/src.cxx: In function ‘int main()’:
/home/sif/lststools/dune/build/CMakeFiles/CMakeTmp/src.cxx:3:1: error: ‘SOCKET’ was not declared in this scope
    3 | SOCKET x;
      | ^~~~~~
/home/sif/lststools/dune/build/CMakeFiles/CMakeTmp/src.cxx:4:1: error: ‘DWORD’ was not declared in this scope
    4 | DWORD xx;
      | ^~~~~
/home/sif/lststools/dune/build/CMakeFiles/CMakeTmp/src.cxx:6:6: error: expected ‘;’ before ‘xxxx’
    6 | DWORD xxxx;
      |      ^~~~~
      |      ;
/home/sif/lststools/dune/build/CMakeFiles/CMakeTmp/src.cxx:8:6: error: expected ‘;’ before ‘xxxxxx’
    8 | DWORD xxxxxx;
      |      ^~~~~~~
      |      ;
/home/sif/lststools/dune/build/CMakeFiles/CMakeTmp/src.cxx:9:1: error: ‘LPDWORD’ was not declared in this scope
    9 | LPDWORD xxxxxxx;
      | ^~~~~~~
/home/sif/lststools/dune/build/CMakeFiles/CMakeTmp/src.cxx:10:1: error: ‘LPWSAOVERLAPPED’ was not declared in this scope
   10 | LPWSAOVERLAPPED xxxxxxxx;
      | ^~~~~~~~~~~~~~~
/home/sif/lststools/dune/build/CMakeFiles/CMakeTmp/src.cxx:11:1: error: ‘LPWSAOVERLAPPED_COMPLETION_ROUTINE’ was not declared in this scope
   11 | LPWSAOVERLAPPED_COMPLETION_ROUTINE xxxxxxxxx;
      | ^~~~~~~~~~~~~~~~~~~~~~~~~~~~~~~~~~
/home/sif/lststools/dune/build/CMakeFiles/CMakeTmp/src.cxx:13:20: error: ‘x’ was not declared in this scope
   13 |  int rv = WSAIoctl(x, xx, &xxx, xxxx, &xxxxx, xxxxxx, xxxxxxx, xxxxxxxx, xxxxxxxxx);
      |                    ^
/home/sif/lststools/dune/build/CMakeFiles/CMakeTmp/src.cxx:13:23: error: ‘xx’ was not declared in this scope; did you mean ‘xxx’?
   13 |  int rv = WSAIoctl(x, xx, &xxx, xxxx, &xxxxx, xxxxxx, xxxxxxx, xxxxxxxx, xxxxxxxxx);
      |                       ^~
      |                       xxx
/home/sif/lststools/dune/build/CMakeFiles/CMakeTmp/src.cxx:13:33: error: ‘xxxx’ was not declared in this scope; did you mean ‘xxxxx’?
   13 |  int rv = WSAIoctl(x, xx, &xxx, xxxx, &xxxxx, xxxxxx, xxxxxxx, xxxxxxxx, xxxxxxxxx);
      |                                 ^~~~
      |                                 xxxxx
/home/sif/lststools/dune/build/CMakeFiles/CMakeTmp/src.cxx:13:47: error: ‘xxxxxx’ was not declared in this scope; did you mean ‘xxxxx’?
   13 |  int rv = WSAIoctl(x, xx, &xxx, xxxx, &xxxxx, xxxxxx, xxxxxxx, xxxxxxxx, xxxxxxxxx);
      |                                               ^~~~~~
      |                                               xxxxx
/home/sif/lststools/dune/build/CMakeFiles/CMakeTmp/src.cxx:13:55: error: ‘xxxxxxx’ was not declared in this scope; did you mean ‘xxxxx’?
   13 |  int rv = WSAIoctl(x, xx, &xxx, xxxx, &xxxxx, xxxxxx, xxxxxxx, xxxxxxxx, xxxxxxxxx);
      |                                                       ^~~~~~~
      |                                                       xxxxx
/home/sif/lststools/dune/build/CMakeFiles/CMakeTmp/src.cxx:13:64: error: ‘xxxxxxxx’ was not declared in this scope; did you mean ‘xxxxx’?
   13 |  int rv = WSAIoctl(x, xx, &xxx, xxxx, &xxxxx, xxxxxx, xxxxxxx, xxxxxxxx, xxxxxxxxx);
      |                                                                ^~~~~~~~
      |                                                                xxxxx
/home/sif/lststools/dune/build/CMakeFiles/CMakeTmp/src.cxx:13:74: error: ‘xxxxxxxxx’ was not declared in this scope
   13 |  int rv = WSAIoctl(x, xx, &xxx, xxxx, &xxxxx, xxxxxx, xxxxxxx, xxxxxxxx, xxxxxxxxx);
      |                                                                          ^~~~~~~~~
/home/sif/lststools/dune/build/CMakeFiles/CMakeTmp/src.cxx:13:11: error: ‘WSAIoctl’ was not declared in this scope
   13 |  int rv = WSAIoctl(x, xx, &xxx, xxxx, &xxxxx, xxxxxx, xxxxxxx, xxxxxxxx, xxxxxxxxx);
      |           ^~~~~~~~
/home/sif/lststools/dune/build/CMakeFiles/CMakeTmp/src.cxx:13:6: warning: unused variable ‘rv’ [-Wunused-variable]
   13 |  int rv = WSAIoctl(x, xx, &xxx, xxxx, &xxxxx, xxxxxx, xxxxxxx, xxxxxxxx, xxxxxxxxx);
      |      ^~
make[1]: *** [CMakeFiles/cmTC_0c1f7.dir/build.make:66: CMakeFiles/cmTC_0c1f7.dir/src.cxx.o] Error 1
make[1]: Leaving directory '/home/sif/lststools/dune/build/CMakeFiles/CMakeTmp'
make: *** [Makefile:121: cmTC_0c1f7/fast] Error 2


Source file was:

int main(void) {
SOCKET x;
DWORD xx;
char xxx;
DWORD xxxx;
char xxxxx;
DWORD xxxxxx;
LPDWORD xxxxxxx;
LPWSAOVERLAPPED xxxxxxxx;
LPWSAOVERLAPPED_COMPLETION_ROUTINE xxxxxxxxx;

 int rv = WSAIoctl(x, xx, &xxx, xxxx, &xxxxx, xxxxxx, xxxxxxx, xxxxxxxx, xxxxxxxxx);
return 0;
}

Performing C++ SOURCE FILE Test DUNE_SYS_HAS_POSIX_STRERROR_R failed with the following output:
Change Dir: /home/sif/lststools/dune/build/CMakeFiles/CMakeTmp

Run Build Command(s):/usr/bin/make cmTC_ffc9c/fast && /usr/bin/make -f CMakeFiles/cmTC_ffc9c.dir/build.make CMakeFiles/cmTC_ffc9c.dir/build
make[1]: Entering directory '/home/sif/lststools/dune/build/CMakeFiles/CMakeTmp'
Building CXX object CMakeFiles/cmTC_ffc9c.dir/src.cxx.o
/usr/bin/c++    -DDUNE_SYS_HAS_POSIX_STRERROR_R -Wall -Wshadow -pedantic   -o CMakeFiles/cmTC_ffc9c.dir/src.cxx.o -c /home/sif/lststools/dune/build/CMakeFiles/CMakeTmp/src.cxx
/home/sif/lststools/dune/build/CMakeFiles/CMakeTmp/src.cxx: In function ‘int main()’:
/home/sif/lststools/dune/build/CMakeFiles/CMakeTmp/src.cxx:9:21: error: invalid conversion from ‘char*’ to ‘int’ [-fpermissive]
    9 |  int rv = strerror_r(x, &xx, xxx);
      |           ~~~~~~~~~~^~~~~~~~~~~~~
      |                     |
      |                     char*
/home/sif/lststools/dune/build/CMakeFiles/CMakeTmp/src.cxx:9:6: warning: unused variable ‘rv’ [-Wunused-variable]
    9 |  int rv = strerror_r(x, &xx, xxx);
      |      ^~
make[1]: *** [CMakeFiles/cmTC_ffc9c.dir/build.make:66: CMakeFiles/cmTC_ffc9c.dir/src.cxx.o] Error 1
make[1]: Leaving directory '/home/sif/lststools/dune/build/CMakeFiles/CMakeTmp'
make: *** [Makefile:121: cmTC_ffc9c/fast] Error 2


Source file was:
#include <cstring>
#include <string.h>

int main(void) {
int x;
char xx;
size_t xxx;

 int rv = strerror_r(x, &xx, xxx);
return 0;
}

Performing C++ SOURCE FILE Test DUNE_SYS_HAS_CREATE_FILE failed with the following output:
Change Dir: /home/sif/lststools/dune/build/CMakeFiles/CMakeTmp

Run Build Command(s):/usr/bin/make cmTC_f8699/fast && /usr/bin/make -f CMakeFiles/cmTC_f8699.dir/build.make CMakeFiles/cmTC_f8699.dir/build
make[1]: Entering directory '/home/sif/lststools/dune/build/CMakeFiles/CMakeTmp'
Building CXX object CMakeFiles/cmTC_f8699.dir/src.cxx.o
/usr/bin/c++    -DDUNE_SYS_HAS_CREATE_FILE -Wall -Wshadow -pedantic   -o CMakeFiles/cmTC_f8699.dir/src.cxx.o -c /home/sif/lststools/dune/build/CMakeFiles/CMakeTmp/src.cxx
/home/sif/lststools/dune/build/CMakeFiles/CMakeTmp/src.cxx: In function ‘int main()’:
/home/sif/lststools/dune/build/CMakeFiles/CMakeTmp/src.cxx:3:1: error: ‘LPCSTR’ was not declared in this scope
    3 | LPCSTR x;
      | ^~~~~~
/home/sif/lststools/dune/build/CMakeFiles/CMakeTmp/src.cxx:4:1: error: ‘DWORD’ was not declared in this scope
    4 | DWORD xx;
      | ^~~~~
/home/sif/lststools/dune/build/CMakeFiles/CMakeTmp/src.cxx:5:6: error: expected ‘;’ before ‘xxx’
    5 | DWORD xxx;
      |      ^~~~
      |      ;
/home/sif/lststools/dune/build/CMakeFiles/CMakeTmp/src.cxx:6:1: error: ‘SECURITY_ATTRIBUTES’ was not declared in this scope
    6 | SECURITY_ATTRIBUTES xxxx;
      | ^~~~~~~~~~~~~~~~~~~
/home/sif/lststools/dune/build/CMakeFiles/CMakeTmp/src.cxx:7:6: error: expected ‘;’ before ‘xxxxx’
    7 | DWORD xxxxx;
      |      ^~~~~~
      |      ;
/home/sif/lststools/dune/build/CMakeFiles/CMakeTmp/src.cxx:8:6: error: expected ‘;’ before ‘xxxxxx’
    8 | DWORD xxxxxx;
      |      ^~~~~~~
      |      ;
/home/sif/lststools/dune/build/CMakeFiles/CMakeTmp/src.cxx:9:1: error: ‘HANDLE’ was not declared in this scope
    9 | HANDLE xxxxxxx;
      | ^~~~~~
/home/sif/lststools/dune/build/CMakeFiles/CMakeTmp/src.cxx:11:8: error: expected ‘;’ before ‘rv’
   11 |  HANDLE rv = CreateFile(x, xx, xxx, &xxxx, xxxxx, xxxxxx, xxxxxxx);
      |        ^~~
      |        ;
make[1]: *** [CMakeFiles/cmTC_f8699.dir/build.make:66: CMakeFiles/cmTC_f8699.dir/src.cxx.o] Error 1
make[1]: Leaving directory '/home/sif/lststools/dune/build/CMakeFiles/CMakeTmp'
make: *** [Makefile:121: cmTC_f8699/fast] Error 2


Source file was:

int main(void) {
LPCSTR x;
DWORD xx;
DWORD xxx;
SECURITY_ATTRIBUTES xxxx;
DWORD xxxxx;
DWORD xxxxxx;
HANDLE xxxxxxx;

 HANDLE rv = CreateFile(x, xx, xxx, &xxxx, xxxxx, xxxxxx, xxxxxxx);
return 0;
}

Performing C++ SOURCE FILE Test DUNE_SYS_HAS_READ_FILE failed with the following output:
Change Dir: /home/sif/lststools/dune/build/CMakeFiles/CMakeTmp

Run Build Command(s):/usr/bin/make cmTC_41c92/fast && /usr/bin/make -f CMakeFiles/cmTC_41c92.dir/build.make CMakeFiles/cmTC_41c92.dir/build
make[1]: Entering directory '/home/sif/lststools/dune/build/CMakeFiles/CMakeTmp'
Building CXX object CMakeFiles/cmTC_41c92.dir/src.cxx.o
/usr/bin/c++    -DDUNE_SYS_HAS_READ_FILE -Wall -Wshadow -pedantic   -o CMakeFiles/cmTC_41c92.dir/src.cxx.o -c /home/sif/lststools/dune/build/CMakeFiles/CMakeTmp/src.cxx
/home/sif/lststools/dune/build/CMakeFiles/CMakeTmp/src.cxx: In function ‘int main()’:
/home/sif/lststools/dune/build/CMakeFiles/CMakeTmp/src.cxx:3:1: error: ‘HANDLE’ was not declared in this scope
    3 | HANDLE x;
      | ^~~~~~
/home/sif/lststools/dune/build/CMakeFiles/CMakeTmp/src.cxx:4:1: error: ‘LPVOID’ was not declared in this scope
    4 | LPVOID xx;
      | ^~~~~~
/home/sif/lststools/dune/build/CMakeFiles/CMakeTmp/src.cxx:5:1: error: ‘DWORD’ was not declared in this scope
    5 | DWORD xxx;
      | ^~~~~
/home/sif/lststools/dune/build/CMakeFiles/CMakeTmp/src.cxx:6:6: error: expected ‘;’ before ‘xxxx’
    6 | DWORD xxxx;
      |      ^~~~~
      |      ;
/home/sif/lststools/dune/build/CMakeFiles/CMakeTmp/src.cxx:7:1: error: ‘OVERLAPPED’ was not declared in this scope
    7 | OVERLAPPED xxxxx;
      | ^~~~~~~~~~
/home/sif/lststools/dune/build/CMakeFiles/CMakeTmp/src.cxx:9:2: error: ‘BOOL’ was not declared in this scope
    9 |  BOOL rv = ReadFile(x, xx, xxx, &xxxx, &xxxxx);
      |  ^~~~
make[1]: *** [CMakeFiles/cmTC_41c92.dir/build.make:66: CMakeFiles/cmTC_41c92.dir/src.cxx.o] Error 1
make[1]: Leaving directory '/home/sif/lststools/dune/build/CMakeFiles/CMakeTmp'
make: *** [Makefile:121: cmTC_41c92/fast] Error 2


Source file was:

int main(void) {
HANDLE x;
LPVOID xx;
DWORD xxx;
DWORD xxxx;
OVERLAPPED xxxxx;

 BOOL rv = ReadFile(x, xx, xxx, &xxxx, &xxxxx);
return 0;
}

Performing C++ SOURCE FILE Test DUNE_SYS_HAS_WRITE_FILE failed with the following output:
Change Dir: /home/sif/lststools/dune/build/CMakeFiles/CMakeTmp

Run Build Command(s):/usr/bin/make cmTC_a9b9b/fast && /usr/bin/make -f CMakeFiles/cmTC_a9b9b.dir/build.make CMakeFiles/cmTC_a9b9b.dir/build
make[1]: Entering directory '/home/sif/lststools/dune/build/CMakeFiles/CMakeTmp'
Building CXX object CMakeFiles/cmTC_a9b9b.dir/src.cxx.o
/usr/bin/c++    -DDUNE_SYS_HAS_WRITE_FILE -Wall -Wshadow -pedantic   -o CMakeFiles/cmTC_a9b9b.dir/src.cxx.o -c /home/sif/lststools/dune/build/CMakeFiles/CMakeTmp/src.cxx
/home/sif/lststools/dune/build/CMakeFiles/CMakeTmp/src.cxx: In function ‘int main()’:
/home/sif/lststools/dune/build/CMakeFiles/CMakeTmp/src.cxx:3:1: error: ‘HANDLE’ was not declared in this scope
    3 | HANDLE x;
      | ^~~~~~
/home/sif/lststools/dune/build/CMakeFiles/CMakeTmp/src.cxx:4:1: error: ‘LPCVOID’ was not declared in this scope
    4 | LPCVOID xx;
      | ^~~~~~~
/home/sif/lststools/dune/build/CMakeFiles/CMakeTmp/src.cxx:5:1: error: ‘DWORD’ was not declared in this scope
    5 | DWORD xxx;
      | ^~~~~
/home/sif/lststools/dune/build/CMakeFiles/CMakeTmp/src.cxx:6:6: error: expected ‘;’ before ‘xxxx’
    6 | DWORD xxxx;
      |      ^~~~~
      |      ;
/home/sif/lststools/dune/build/CMakeFiles/CMakeTmp/src.cxx:7:1: error: ‘OVERLAPPED’ was not declared in this scope
    7 | OVERLAPPED xxxxx;
      | ^~~~~~~~~~
/home/sif/lststools/dune/build/CMakeFiles/CMakeTmp/src.cxx:9:2: error: ‘BOOL’ was not declared in this scope
    9 |  BOOL rv = WriteFile(x, xx, xxx, &xxxx, &xxxxx);
      |  ^~~~
make[1]: *** [CMakeFiles/cmTC_a9b9b.dir/build.make:66: CMakeFiles/cmTC_a9b9b.dir/src.cxx.o] Error 1
make[1]: Leaving directory '/home/sif/lststools/dune/build/CMakeFiles/CMakeTmp'
make: *** [Makefile:121: cmTC_a9b9b/fast] Error 2


Source file was:

int main(void) {
HANDLE x;
LPCVOID xx;
DWORD xxx;
DWORD xxxx;
OVERLAPPED xxxxx;

 BOOL rv = WriteFile(x, xx, xxx, &xxxx, &xxxxx);
return 0;
}

Performing C++ SOURCE FILE Test DUNE_SYS_HAS_GET_OVERLAPPED_RESULT failed with the following output:
Change Dir: /home/sif/lststools/dune/build/CMakeFiles/CMakeTmp

Run Build Command(s):/usr/bin/make cmTC_ce42f/fast && /usr/bin/make -f CMakeFiles/cmTC_ce42f.dir/build.make CMakeFiles/cmTC_ce42f.dir/build
make[1]: Entering directory '/home/sif/lststools/dune/build/CMakeFiles/CMakeTmp'
Building CXX object CMakeFiles/cmTC_ce42f.dir/src.cxx.o
/usr/bin/c++    -DDUNE_SYS_HAS_GET_OVERLAPPED_RESULT -Wall -Wshadow -pedantic   -o CMakeFiles/cmTC_ce42f.dir/src.cxx.o -c /home/sif/lststools/dune/build/CMakeFiles/CMakeTmp/src.cxx
/home/sif/lststools/dune/build/CMakeFiles/CMakeTmp/src.cxx: In function ‘int main()’:
/home/sif/lststools/dune/build/CMakeFiles/CMakeTmp/src.cxx:3:1: error: ‘HANDLE’ was not declared in this scope
    3 | HANDLE x;
      | ^~~~~~
/home/sif/lststools/dune/build/CMakeFiles/CMakeTmp/src.cxx:4:1: error: ‘OVERLAPPED’ was not declared in this scope
    4 | OVERLAPPED xx;
      | ^~~~~~~~~~
/home/sif/lststools/dune/build/CMakeFiles/CMakeTmp/src.cxx:5:1: error: ‘DWORD’ was not declared in this scope
    5 | DWORD xxx;
      | ^~~~~
/home/sif/lststools/dune/build/CMakeFiles/CMakeTmp/src.cxx:6:1: error: ‘BOOL’ was not declared in this scope
    6 | BOOL xxxx;
      | ^~~~
/home/sif/lststools/dune/build/CMakeFiles/CMakeTmp/src.cxx:8:6: error: expected ‘;’ before ‘rv’
    8 |  BOOL rv = GetOverlappedResult(x, &xx, &xxx, xxxx);
      |      ^~~
      |      ;
make[1]: *** [CMakeFiles/cmTC_ce42f.dir/build.make:66: CMakeFiles/cmTC_ce42f.dir/src.cxx.o] Error 1
make[1]: Leaving directory '/home/sif/lststools/dune/build/CMakeFiles/CMakeTmp'
make: *** [Makefile:121: cmTC_ce42f/fast] Error 2


Source file was:

int main(void) {
HANDLE x;
OVERLAPPED xx;
DWORD xxx;
BOOL xxxx;

 BOOL rv = GetOverlappedResult(x, &xx, &xxx, xxxx);
return 0;
}

Performing C++ SOURCE FILE Test DUNE_SYS_HAS_SET_COMM_STATE failed with the following output:
Change Dir: /home/sif/lststools/dune/build/CMakeFiles/CMakeTmp

Run Build Command(s):/usr/bin/make cmTC_44548/fast && /usr/bin/make -f CMakeFiles/cmTC_44548.dir/build.make CMakeFiles/cmTC_44548.dir/build
make[1]: Entering directory '/home/sif/lststools/dune/build/CMakeFiles/CMakeTmp'
Building CXX object CMakeFiles/cmTC_44548.dir/src.cxx.o
/usr/bin/c++    -DDUNE_SYS_HAS_SET_COMM_STATE -Wall -Wshadow -pedantic   -o CMakeFiles/cmTC_44548.dir/src.cxx.o -c /home/sif/lststools/dune/build/CMakeFiles/CMakeTmp/src.cxx
/home/sif/lststools/dune/build/CMakeFiles/CMakeTmp/src.cxx: In function ‘int main()’:
/home/sif/lststools/dune/build/CMakeFiles/CMakeTmp/src.cxx:3:1: error: ‘HANDLE’ was not declared in this scope
    3 | HANDLE x;
      | ^~~~~~
/home/sif/lststools/dune/build/CMakeFiles/CMakeTmp/src.cxx:4:1: error: ‘DCB’ was not declared in this scope
    4 | DCB xx;
      | ^~~
/home/sif/lststools/dune/build/CMakeFiles/CMakeTmp/src.cxx:6:2: error: ‘BOOL’ was not declared in this scope
    6 |  BOOL rv = SetCommState(x, &xx);
      |  ^~~~
make[1]: *** [CMakeFiles/cmTC_44548.dir/build.make:66: CMakeFiles/cmTC_44548.dir/src.cxx.o] Error 1
make[1]: Leaving directory '/home/sif/lststools/dune/build/CMakeFiles/CMakeTmp'
make: *** [Makefile:121: cmTC_44548/fast] Error 2


Source file was:

int main(void) {
HANDLE x;
DCB xx;

 BOOL rv = SetCommState(x, &xx);
return 0;
}

Performing C++ SOURCE FILE Test DUNE_SYS_HAS_GET_COMM_STATE failed with the following output:
Change Dir: /home/sif/lststools/dune/build/CMakeFiles/CMakeTmp

Run Build Command(s):/usr/bin/make cmTC_5ca2f/fast && /usr/bin/make -f CMakeFiles/cmTC_5ca2f.dir/build.make CMakeFiles/cmTC_5ca2f.dir/build
make[1]: Entering directory '/home/sif/lststools/dune/build/CMakeFiles/CMakeTmp'
Building CXX object CMakeFiles/cmTC_5ca2f.dir/src.cxx.o
/usr/bin/c++    -DDUNE_SYS_HAS_GET_COMM_STATE -Wall -Wshadow -pedantic   -o CMakeFiles/cmTC_5ca2f.dir/src.cxx.o -c /home/sif/lststools/dune/build/CMakeFiles/CMakeTmp/src.cxx
/home/sif/lststools/dune/build/CMakeFiles/CMakeTmp/src.cxx: In function ‘int main()’:
/home/sif/lststools/dune/build/CMakeFiles/CMakeTmp/src.cxx:3:1: error: ‘HANDLE’ was not declared in this scope
    3 | HANDLE x;
      | ^~~~~~
/home/sif/lststools/dune/build/CMakeFiles/CMakeTmp/src.cxx:4:1: error: ‘DCB’ was not declared in this scope
    4 | DCB xx;
      | ^~~
/home/sif/lststools/dune/build/CMakeFiles/CMakeTmp/src.cxx:6:2: error: ‘BOOL’ was not declared in this scope
    6 |  BOOL rv = GetCommState(x, &xx);
      |  ^~~~
make[1]: *** [CMakeFiles/cmTC_5ca2f.dir/build.make:66: CMakeFiles/cmTC_5ca2f.dir/src.cxx.o] Error 1
make[1]: Leaving directory '/home/sif/lststools/dune/build/CMakeFiles/CMakeTmp'
make: *** [Makefile:121: cmTC_5ca2f/fast] Error 2


Source file was:

int main(void) {
HANDLE x;
DCB xx;

 BOOL rv = GetCommState(x, &xx);
return 0;
}

Performing C++ SOURCE FILE Test DUNE_SYS_HAS_SET_COMM_MASK failed with the following output:
Change Dir: /home/sif/lststools/dune/build/CMakeFiles/CMakeTmp

Run Build Command(s):/usr/bin/make cmTC_506c5/fast && /usr/bin/make -f CMakeFiles/cmTC_506c5.dir/build.make CMakeFiles/cmTC_506c5.dir/build
make[1]: Entering directory '/home/sif/lststools/dune/build/CMakeFiles/CMakeTmp'
Building CXX object CMakeFiles/cmTC_506c5.dir/src.cxx.o
/usr/bin/c++    -DDUNE_SYS_HAS_SET_COMM_MASK -Wall -Wshadow -pedantic   -o CMakeFiles/cmTC_506c5.dir/src.cxx.o -c /home/sif/lststools/dune/build/CMakeFiles/CMakeTmp/src.cxx
/home/sif/lststools/dune/build/CMakeFiles/CMakeTmp/src.cxx: In function ‘int main()’:
/home/sif/lststools/dune/build/CMakeFiles/CMakeTmp/src.cxx:3:1: error: ‘HANDLE’ was not declared in this scope
    3 | HANDLE x;
      | ^~~~~~
/home/sif/lststools/dune/build/CMakeFiles/CMakeTmp/src.cxx:4:1: error: ‘DWORD’ was not declared in this scope
    4 | DWORD xx;
      | ^~~~~
/home/sif/lststools/dune/build/CMakeFiles/CMakeTmp/src.cxx:6:2: error: ‘BOOL’ was not declared in this scope
    6 |  BOOL rv = SetCommMask(x, xx);
      |  ^~~~
make[1]: *** [CMakeFiles/cmTC_506c5.dir/build.make:66: CMakeFiles/cmTC_506c5.dir/src.cxx.o] Error 1
make[1]: Leaving directory '/home/sif/lststools/dune/build/CMakeFiles/CMakeTmp'
make: *** [Makefile:121: cmTC_506c5/fast] Error 2


Source file was:

int main(void) {
HANDLE x;
DWORD xx;

 BOOL rv = SetCommMask(x, xx);
return 0;
}

Performing C++ SOURCE FILE Test DUNE_SYS_HAS_PURGE_COMM failed with the following output:
Change Dir: /home/sif/lststools/dune/build/CMakeFiles/CMakeTmp

Run Build Command(s):/usr/bin/make cmTC_27df7/fast && /usr/bin/make -f CMakeFiles/cmTC_27df7.dir/build.make CMakeFiles/cmTC_27df7.dir/build
make[1]: Entering directory '/home/sif/lststools/dune/build/CMakeFiles/CMakeTmp'
Building CXX object CMakeFiles/cmTC_27df7.dir/src.cxx.o
/usr/bin/c++    -DDUNE_SYS_HAS_PURGE_COMM -Wall -Wshadow -pedantic   -o CMakeFiles/cmTC_27df7.dir/src.cxx.o -c /home/sif/lststools/dune/build/CMakeFiles/CMakeTmp/src.cxx
/home/sif/lststools/dune/build/CMakeFiles/CMakeTmp/src.cxx: In function ‘int main()’:
/home/sif/lststools/dune/build/CMakeFiles/CMakeTmp/src.cxx:3:1: error: ‘HANDLE’ was not declared in this scope
    3 | HANDLE x;
      | ^~~~~~
/home/sif/lststools/dune/build/CMakeFiles/CMakeTmp/src.cxx:4:1: error: ‘DWORD’ was not declared in this scope
    4 | DWORD xx;
      | ^~~~~
/home/sif/lststools/dune/build/CMakeFiles/CMakeTmp/src.cxx:6:2: error: ‘BOOL’ was not declared in this scope
    6 |  BOOL rv = PurgeComm(x, xx);
      |  ^~~~
make[1]: *** [CMakeFiles/cmTC_27df7.dir/build.make:66: CMakeFiles/cmTC_27df7.dir/src.cxx.o] Error 1
make[1]: Leaving directory '/home/sif/lststools/dune/build/CMakeFiles/CMakeTmp'
make: *** [Makefile:121: cmTC_27df7/fast] Error 2


Source file was:

int main(void) {
HANDLE x;
DWORD xx;

 BOOL rv = PurgeComm(x, xx);
return 0;
}

Performing C++ SOURCE FILE Test DUNE_SYS_HAS_WAIT_COMM_EVENT failed with the following output:
Change Dir: /home/sif/lststools/dune/build/CMakeFiles/CMakeTmp

Run Build Command(s):/usr/bin/make cmTC_cc2eb/fast && /usr/bin/make -f CMakeFiles/cmTC_cc2eb.dir/build.make CMakeFiles/cmTC_cc2eb.dir/build
make[1]: Entering directory '/home/sif/lststools/dune/build/CMakeFiles/CMakeTmp'
Building CXX object CMakeFiles/cmTC_cc2eb.dir/src.cxx.o
/usr/bin/c++    -DDUNE_SYS_HAS_WAIT_COMM_EVENT -Wall -Wshadow -pedantic   -o CMakeFiles/cmTC_cc2eb.dir/src.cxx.o -c /home/sif/lststools/dune/build/CMakeFiles/CMakeTmp/src.cxx
/home/sif/lststools/dune/build/CMakeFiles/CMakeTmp/src.cxx: In function ‘int main()’:
/home/sif/lststools/dune/build/CMakeFiles/CMakeTmp/src.cxx:3:1: error: ‘HANDLE’ was not declared in this scope
    3 | HANDLE x;
      | ^~~~~~
/home/sif/lststools/dune/build/CMakeFiles/CMakeTmp/src.cxx:4:1: error: ‘DWORD’ was not declared in this scope
    4 | DWORD xx;
      | ^~~~~
/home/sif/lststools/dune/build/CMakeFiles/CMakeTmp/src.cxx:5:1: error: ‘OVERLAPPED’ was not declared in this scope
    5 | OVERLAPPED xxx;
      | ^~~~~~~~~~
/home/sif/lststools/dune/build/CMakeFiles/CMakeTmp/src.cxx:7:2: error: ‘BOOL’ was not declared in this scope
    7 |  BOOL rv = WaitCommEvent(x, &xx, &xxx);
      |  ^~~~
make[1]: *** [CMakeFiles/cmTC_cc2eb.dir/build.make:66: CMakeFiles/cmTC_cc2eb.dir/src.cxx.o] Error 1
make[1]: Leaving directory '/home/sif/lststools/dune/build/CMakeFiles/CMakeTmp'
make: *** [Makefile:121: cmTC_cc2eb/fast] Error 2


Source file was:

int main(void) {
HANDLE x;
DWORD xx;
OVERLAPPED xxx;

 BOOL rv = WaitCommEvent(x, &xx, &xxx);
return 0;
}

Performing C++ SOURCE FILE Test DUNE_SYS_HAS_SET_COMM_BREAK failed with the following output:
Change Dir: /home/sif/lststools/dune/build/CMakeFiles/CMakeTmp

Run Build Command(s):/usr/bin/make cmTC_7f0a1/fast && /usr/bin/make -f CMakeFiles/cmTC_7f0a1.dir/build.make CMakeFiles/cmTC_7f0a1.dir/build
make[1]: Entering directory '/home/sif/lststools/dune/build/CMakeFiles/CMakeTmp'
Building CXX object CMakeFiles/cmTC_7f0a1.dir/src.cxx.o
/usr/bin/c++    -DDUNE_SYS_HAS_SET_COMM_BREAK -Wall -Wshadow -pedantic   -o CMakeFiles/cmTC_7f0a1.dir/src.cxx.o -c /home/sif/lststools/dune/build/CMakeFiles/CMakeTmp/src.cxx
/home/sif/lststools/dune/build/CMakeFiles/CMakeTmp/src.cxx: In function ‘int main()’:
/home/sif/lststools/dune/build/CMakeFiles/CMakeTmp/src.cxx:3:1: error: ‘HANDLE’ was not declared in this scope
    3 | HANDLE x;
      | ^~~~~~
/home/sif/lststools/dune/build/CMakeFiles/CMakeTmp/src.cxx:5:2: error: ‘BOOL’ was not declared in this scope
    5 |  BOOL rv = SetCommBreak(x);
      |  ^~~~
make[1]: *** [CMakeFiles/cmTC_7f0a1.dir/build.make:66: CMakeFiles/cmTC_7f0a1.dir/src.cxx.o] Error 1
make[1]: Leaving directory '/home/sif/lststools/dune/build/CMakeFiles/CMakeTmp'
make: *** [Makefile:121: cmTC_7f0a1/fast] Error 2


Source file was:

int main(void) {
HANDLE x;

 BOOL rv = SetCommBreak(x);
return 0;
}

Performing C++ SOURCE FILE Test DUNE_SYS_HAS_CLEAR_COMM_BREAK failed with the following output:
Change Dir: /home/sif/lststools/dune/build/CMakeFiles/CMakeTmp

Run Build Command(s):/usr/bin/make cmTC_00670/fast && /usr/bin/make -f CMakeFiles/cmTC_00670.dir/build.make CMakeFiles/cmTC_00670.dir/build
make[1]: Entering directory '/home/sif/lststools/dune/build/CMakeFiles/CMakeTmp'
Building CXX object CMakeFiles/cmTC_00670.dir/src.cxx.o
/usr/bin/c++    -DDUNE_SYS_HAS_CLEAR_COMM_BREAK -Wall -Wshadow -pedantic   -o CMakeFiles/cmTC_00670.dir/src.cxx.o -c /home/sif/lststools/dune/build/CMakeFiles/CMakeTmp/src.cxx
/home/sif/lststools/dune/build/CMakeFiles/CMakeTmp/src.cxx: In function ‘int main()’:
/home/sif/lststools/dune/build/CMakeFiles/CMakeTmp/src.cxx:3:1: error: ‘HANDLE’ was not declared in this scope
    3 | HANDLE x;
      | ^~~~~~
/home/sif/lststools/dune/build/CMakeFiles/CMakeTmp/src.cxx:5:2: error: ‘BOOL’ was not declared in this scope
    5 |  BOOL rv = ClearCommBreak(x);
      |  ^~~~
make[1]: *** [CMakeFiles/cmTC_00670.dir/build.make:66: CMakeFiles/cmTC_00670.dir/src.cxx.o] Error 1
make[1]: Leaving directory '/home/sif/lststools/dune/build/CMakeFiles/CMakeTmp'
make: *** [Makefile:121: cmTC_00670/fast] Error 2


Source file was:

int main(void) {
HANDLE x;

 BOOL rv = ClearCommBreak(x);
return 0;
}

Performing C++ SOURCE FILE Test DUNE_SYS_HAS_CLEAR_COMM_ERROR failed with the following output:
Change Dir: /home/sif/lststools/dune/build/CMakeFiles/CMakeTmp

Run Build Command(s):/usr/bin/make cmTC_d20e6/fast && /usr/bin/make -f CMakeFiles/cmTC_d20e6.dir/build.make CMakeFiles/cmTC_d20e6.dir/build
make[1]: Entering directory '/home/sif/lststools/dune/build/CMakeFiles/CMakeTmp'
Building CXX object CMakeFiles/cmTC_d20e6.dir/src.cxx.o
/usr/bin/c++    -DDUNE_SYS_HAS_CLEAR_COMM_ERROR -Wall -Wshadow -pedantic   -o CMakeFiles/cmTC_d20e6.dir/src.cxx.o -c /home/sif/lststools/dune/build/CMakeFiles/CMakeTmp/src.cxx
/home/sif/lststools/dune/build/CMakeFiles/CMakeTmp/src.cxx: In function ‘int main()’:
/home/sif/lststools/dune/build/CMakeFiles/CMakeTmp/src.cxx:3:1: error: ‘HANDLE’ was not declared in this scope
    3 | HANDLE x;
      | ^~~~~~
/home/sif/lststools/dune/build/CMakeFiles/CMakeTmp/src.cxx:4:1: error: ‘DWORD’ was not declared in this scope
    4 | DWORD xx;
      | ^~~~~
/home/sif/lststools/dune/build/CMakeFiles/CMakeTmp/src.cxx:5:1: error: ‘COMSTAT’ was not declared in this scope
    5 | COMSTAT xxx;
      | ^~~~~~~
/home/sif/lststools/dune/build/CMakeFiles/CMakeTmp/src.cxx:7:2: error: ‘BOOL’ was not declared in this scope
    7 |  BOOL rv = ClearCommError(x, &xx, &xxx);
      |  ^~~~
make[1]: *** [CMakeFiles/cmTC_d20e6.dir/build.make:66: CMakeFiles/cmTC_d20e6.dir/src.cxx.o] Error 1
make[1]: Leaving directory '/home/sif/lststools/dune/build/CMakeFiles/CMakeTmp'
make: *** [Makefile:121: cmTC_d20e6/fast] Error 2


Source file was:

int main(void) {
HANDLE x;
DWORD xx;
COMSTAT xxx;

 BOOL rv = ClearCommError(x, &xx, &xxx);
return 0;
}

Performing C++ SOURCE FILE Test DUNE_SYS_HAS_WAIT_FOR_SINGLE_OBJECT failed with the following output:
Change Dir: /home/sif/lststools/dune/build/CMakeFiles/CMakeTmp

Run Build Command(s):/usr/bin/make cmTC_01f7e/fast && /usr/bin/make -f CMakeFiles/cmTC_01f7e.dir/build.make CMakeFiles/cmTC_01f7e.dir/build
make[1]: Entering directory '/home/sif/lststools/dune/build/CMakeFiles/CMakeTmp'
Building CXX object CMakeFiles/cmTC_01f7e.dir/src.cxx.o
/usr/bin/c++    -DDUNE_SYS_HAS_WAIT_FOR_SINGLE_OBJECT -Wall -Wshadow -pedantic   -o CMakeFiles/cmTC_01f7e.dir/src.cxx.o -c /home/sif/lststools/dune/build/CMakeFiles/CMakeTmp/src.cxx
/home/sif/lststools/dune/build/CMakeFiles/CMakeTmp/src.cxx: In function ‘int main()’:
/home/sif/lststools/dune/build/CMakeFiles/CMakeTmp/src.cxx:3:1: error: ‘HANDLE’ was not declared in this scope
    3 | HANDLE x;
      | ^~~~~~
/home/sif/lststools/dune/build/CMakeFiles/CMakeTmp/src.cxx:4:1: error: ‘DWORD’ was not declared in this scope
    4 | DWORD xx;
      | ^~~~~
/home/sif/lststools/dune/build/CMakeFiles/CMakeTmp/src.cxx:6:7: error: expected ‘;’ before ‘rv’
    6 |  DWORD rv = WaitForSingleObject(x, xx);
      |       ^~~
      |       ;
make[1]: *** [CMakeFiles/cmTC_01f7e.dir/build.make:66: CMakeFiles/cmTC_01f7e.dir/src.cxx.o] Error 1
make[1]: Leaving directory '/home/sif/lststools/dune/build/CMakeFiles/CMakeTmp'
make: *** [Makefile:121: cmTC_01f7e/fast] Error 2


Source file was:

int main(void) {
HANDLE x;
DWORD xx;

 DWORD rv = WaitForSingleObject(x, xx);
return 0;
}

Performing C++ SOURCE FILE Test DUNE_SYS_HAS_CREATE_EVENT failed with the following output:
Change Dir: /home/sif/lststools/dune/build/CMakeFiles/CMakeTmp

Run Build Command(s):/usr/bin/make cmTC_f20c0/fast && /usr/bin/make -f CMakeFiles/cmTC_f20c0.dir/build.make CMakeFiles/cmTC_f20c0.dir/build
make[1]: Entering directory '/home/sif/lststools/dune/build/CMakeFiles/CMakeTmp'
Building CXX object CMakeFiles/cmTC_f20c0.dir/src.cxx.o
/usr/bin/c++    -DDUNE_SYS_HAS_CREATE_EVENT -Wall -Wshadow -pedantic   -o CMakeFiles/cmTC_f20c0.dir/src.cxx.o -c /home/sif/lststools/dune/build/CMakeFiles/CMakeTmp/src.cxx
/home/sif/lststools/dune/build/CMakeFiles/CMakeTmp/src.cxx: In function ‘int main()’:
/home/sif/lststools/dune/build/CMakeFiles/CMakeTmp/src.cxx:3:1: error: ‘SECURITY_ATTRIBUTES’ was not declared in this scope
    3 | SECURITY_ATTRIBUTES x;
      | ^~~~~~~~~~~~~~~~~~~
/home/sif/lststools/dune/build/CMakeFiles/CMakeTmp/src.cxx:4:1: error: ‘BOOL’ was not declared in this scope
    4 | BOOL xx;
      | ^~~~
/home/sif/lststools/dune/build/CMakeFiles/CMakeTmp/src.cxx:5:5: error: expected ‘;’ before ‘xxx’
    5 | BOOL xxx;
      |     ^~~~
      |     ;
/home/sif/lststools/dune/build/CMakeFiles/CMakeTmp/src.cxx:6:1: error: ‘LPCSTR’ was not declared in this scope
    6 | LPCSTR xxxx;
      | ^~~~~~
/home/sif/lststools/dune/build/CMakeFiles/CMakeTmp/src.cxx:8:2: error: ‘HANDLE’ was not declared in this scope
    8 |  HANDLE rv = CreateEvent(&x, xx, xxx, xxxx);
      |  ^~~~~~
make[1]: *** [CMakeFiles/cmTC_f20c0.dir/build.make:66: CMakeFiles/cmTC_f20c0.dir/src.cxx.o] Error 1
make[1]: Leaving directory '/home/sif/lststools/dune/build/CMakeFiles/CMakeTmp'
make: *** [Makefile:121: cmTC_f20c0/fast] Error 2


Source file was:

int main(void) {
SECURITY_ATTRIBUTES x;
BOOL xx;
BOOL xxx;
LPCSTR xxxx;

 HANDLE rv = CreateEvent(&x, xx, xxx, xxxx);
return 0;
}

Performing C++ SOURCE FILE Test DUNE_SYS_HAS__ISNAN failed with the following output:
Change Dir: /home/sif/lststools/dune/build/CMakeFiles/CMakeTmp

Run Build Command(s):/usr/bin/make cmTC_5f582/fast && /usr/bin/make -f CMakeFiles/cmTC_5f582.dir/build.make CMakeFiles/cmTC_5f582.dir/build
make[1]: Entering directory '/home/sif/lststools/dune/build/CMakeFiles/CMakeTmp'
Building CXX object CMakeFiles/cmTC_5f582.dir/src.cxx.o
/usr/bin/c++    -DDUNE_SYS_HAS__ISNAN -Wall -Wshadow -pedantic   -o CMakeFiles/cmTC_5f582.dir/src.cxx.o -c /home/sif/lststools/dune/build/CMakeFiles/CMakeTmp/src.cxx
/home/sif/lststools/dune/build/CMakeFiles/CMakeTmp/src.cxx: In function ‘int main()’:
/home/sif/lststools/dune/build/CMakeFiles/CMakeTmp/src.cxx:6:11: error: ‘_isnan’ was not declared in this scope
    6 |  int rv = _isnan(x);
      |           ^~~~~~
/home/sif/lststools/dune/build/CMakeFiles/CMakeTmp/src.cxx:6:6: warning: unused variable ‘rv’ [-Wunused-variable]
    6 |  int rv = _isnan(x);
      |      ^~
make[1]: *** [CMakeFiles/cmTC_5f582.dir/build.make:66: CMakeFiles/cmTC_5f582.dir/src.cxx.o] Error 1
make[1]: Leaving directory '/home/sif/lststools/dune/build/CMakeFiles/CMakeTmp'
make: *** [Makefile:121: cmTC_5f582/fast] Error 2


Source file was:
#include <float.h>

int main(void) {
double x;

 int rv = _isnan(x);
return 0;
}

Performing C++ SOURCE FILE Test DUNE_SYS_HAS_CRITICAL_SECTION failed with the following output:
Change Dir: /home/sif/lststools/dune/build/CMakeFiles/CMakeTmp

Run Build Command(s):/usr/bin/make cmTC_829ab/fast && /usr/bin/make -f CMakeFiles/cmTC_829ab.dir/build.make CMakeFiles/cmTC_829ab.dir/build
make[1]: Entering directory '/home/sif/lststools/dune/build/CMakeFiles/CMakeTmp'
Building CXX object CMakeFiles/cmTC_829ab.dir/src.cxx.o
/usr/bin/c++    -DDUNE_SYS_HAS_CRITICAL_SECTION -Wall -Wshadow -pedantic   -o CMakeFiles/cmTC_829ab.dir/src.cxx.o -c /home/sif/lststools/dune/build/CMakeFiles/CMakeTmp/src.cxx
/home/sif/lststools/dune/build/CMakeFiles/CMakeTmp/src.cxx: In function ‘int main()’:
/home/sif/lststools/dune/build/CMakeFiles/CMakeTmp/src.cxx:2:18: error: ‘CRITICAL_SECTION’ was not declared in this scope
    2 | int main(void) { CRITICAL_SECTION x; return 0;}
      |                  ^~~~~~~~~~~~~~~~
make[1]: *** [CMakeFiles/cmTC_829ab.dir/build.make:66: CMakeFiles/cmTC_829ab.dir/src.cxx.o] Error 1
make[1]: Leaving directory '/home/sif/lststools/dune/build/CMakeFiles/CMakeTmp'
make: *** [Makefile:121: cmTC_829ab/fast] Error 2


Source file was:

int main(void) { CRITICAL_SECTION x; return 0;}

Determining if the function BVTSonar_Create exists in the bvtsdk failed with the following output:
Change Dir: /home/sif/lststools/dune/build/CMakeFiles/CMakeTmp

Run Build Command(s):/usr/bin/make cmTC_8f8f8/fast && /usr/bin/make -f CMakeFiles/cmTC_8f8f8.dir/build.make CMakeFiles/cmTC_8f8f8.dir/build
make[1]: Entering directory '/home/sif/lststools/dune/build/CMakeFiles/CMakeTmp'
Building C object CMakeFiles/cmTC_8f8f8.dir/CheckFunctionExists.c.o
/usr/bin/cc   -DCHECK_FUNCTION_EXISTS=BVTSonar_Create -Wall -Wshadow -pedantic   -o CMakeFiles/cmTC_8f8f8.dir/CheckFunctionExists.c.o   -c /usr/share/cmake-3.16/Modules/CheckFunctionExists.c
Linking C executable cmTC_8f8f8
/usr/bin/cmake -E cmake_link_script CMakeFiles/cmTC_8f8f8.dir/link.txt --verbose=1
/usr/bin/cc  -DCHECK_FUNCTION_EXISTS=BVTSonar_Create -Wall -Wshadow -pedantic    -rdynamic CMakeFiles/cmTC_8f8f8.dir/CheckFunctionExists.c.o  -o cmTC_8f8f8  -lbvtsdk -lrt -lpthread -lm -lnsl -ldl 
/usr/bin/ld: cannot find -lbvtsdk
collect2: error: ld returned 1 exit status
make[1]: *** [CMakeFiles/cmTC_8f8f8.dir/build.make:87: cmTC_8f8f8] Error 1
make[1]: Leaving directory '/home/sif/lststools/dune/build/CMakeFiles/CMakeTmp'
make: *** [Makefile:121: cmTC_8f8f8/fast] Error 2



Determining if the include file bvt_sdk.h exists failed with the following output:
Change Dir: /home/sif/lststools/dune/build/CMakeFiles/CMakeTmp

Run Build Command(s):/usr/bin/make cmTC_f8576/fast && /usr/bin/make -f CMakeFiles/cmTC_f8576.dir/build.make CMakeFiles/cmTC_f8576.dir/build
make[1]: Entering directory '/home/sif/lststools/dune/build/CMakeFiles/CMakeTmp'
Building CXX object CMakeFiles/cmTC_f8576.dir/CheckIncludeFile.cxx.o
/usr/bin/c++    -Wall -Wshadow -pedantic   -o CMakeFiles/cmTC_f8576.dir/CheckIncludeFile.cxx.o -c /home/sif/lststools/dune/build/CMakeFiles/CMakeTmp/CheckIncludeFile.cxx
/home/sif/lststools/dune/build/CMakeFiles/CMakeTmp/CheckIncludeFile.cxx:1:10: fatal error: bvt_sdk.h: No such file or directory
    1 | #include <bvt_sdk.h>
      |          ^~~~~~~~~~~
compilation terminated.
make[1]: *** [CMakeFiles/cmTC_f8576.dir/build.make:66: CMakeFiles/cmTC_f8576.dir/CheckIncludeFile.cxx.o] Error 1
make[1]: Leaving directory '/home/sif/lststools/dune/build/CMakeFiles/CMakeTmp'
make: *** [Makefile:121: cmTC_f8576/fast] Error 2



Determining if the function libusb_init exists in the usb-1.0 failed with the following output:
Change Dir: /home/sif/lststools/dune/build/CMakeFiles/CMakeTmp

Run Build Command(s):/usr/bin/make cmTC_5146d/fast && /usr/bin/make -f CMakeFiles/cmTC_5146d.dir/build.make CMakeFiles/cmTC_5146d.dir/build
make[1]: Entering directory '/home/sif/lststools/dune/build/CMakeFiles/CMakeTmp'
Building C object CMakeFiles/cmTC_5146d.dir/CheckFunctionExists.c.o
/usr/bin/cc   -DCHECK_FUNCTION_EXISTS=libusb_init -Wall -Wshadow -pedantic   -o CMakeFiles/cmTC_5146d.dir/CheckFunctionExists.c.o   -c /usr/share/cmake-3.16/Modules/CheckFunctionExists.c
Linking C executable cmTC_5146d
/usr/bin/cmake -E cmake_link_script CMakeFiles/cmTC_5146d.dir/link.txt --verbose=1
/usr/bin/cc  -DCHECK_FUNCTION_EXISTS=libusb_init -Wall -Wshadow -pedantic    -rdynamic CMakeFiles/cmTC_5146d.dir/CheckFunctionExists.c.o  -o cmTC_5146d  -lusb-1.0 -lrt -lpthread -lm -lnsl -ldl 
/usr/bin/ld: cannot find -lusb-1.0
collect2: error: ld returned 1 exit status
make[1]: *** [CMakeFiles/cmTC_5146d.dir/build.make:87: cmTC_5146d] Error 1
make[1]: Leaving directory '/home/sif/lststools/dune/build/CMakeFiles/CMakeTmp'
make: *** [Makefile:121: cmTC_5146d/fast] Error 2



Determining if the function FT_Open exists in the ftd2xx failed with the following output:
Change Dir: /home/sif/lststools/dune/build/CMakeFiles/CMakeTmp

Run Build Command(s):/usr/bin/make cmTC_9615a/fast && /usr/bin/make -f CMakeFiles/cmTC_9615a.dir/build.make CMakeFiles/cmTC_9615a.dir/build
make[1]: Entering directory '/home/sif/lststools/dune/build/CMakeFiles/CMakeTmp'
Building C object CMakeFiles/cmTC_9615a.dir/CheckFunctionExists.c.o
/usr/bin/cc   -DCHECK_FUNCTION_EXISTS=FT_Open -Wall -Wshadow -pedantic   -o CMakeFiles/cmTC_9615a.dir/CheckFunctionExists.c.o   -c /usr/share/cmake-3.16/Modules/CheckFunctionExists.c
Linking C executable cmTC_9615a
/usr/bin/cmake -E cmake_link_script CMakeFiles/cmTC_9615a.dir/link.txt --verbose=1
/usr/bin/cc  -DCHECK_FUNCTION_EXISTS=FT_Open -Wall -Wshadow -pedantic    -rdynamic CMakeFiles/cmTC_9615a.dir/CheckFunctionExists.c.o  -o cmTC_9615a  -lftd2xx -lrt -lpthread -lm -lnsl -ldl 
/usr/bin/ld: cannot find -lftd2xx
collect2: error: ld returned 1 exit status
make[1]: *** [CMakeFiles/cmTC_9615a.dir/build.make:87: cmTC_9615a] Error 1
make[1]: Leaving directory '/home/sif/lststools/dune/build/CMakeFiles/CMakeTmp'
make: *** [Makefile:121: cmTC_9615a/fast] Error 2



Determining if the include file ftd2xx.h exists failed with the following output:
Change Dir: /home/sif/lststools/dune/build/CMakeFiles/CMakeTmp

Run Build Command(s):/usr/bin/make cmTC_a6790/fast && /usr/bin/make -f CMakeFiles/cmTC_a6790.dir/build.make CMakeFiles/cmTC_a6790.dir/build
make[1]: Entering directory '/home/sif/lststools/dune/build/CMakeFiles/CMakeTmp'
Building CXX object CMakeFiles/cmTC_a6790.dir/CheckIncludeFile.cxx.o
/usr/bin/c++    -Wall -Wshadow -pedantic   -o CMakeFiles/cmTC_a6790.dir/CheckIncludeFile.cxx.o -c /home/sif/lststools/dune/build/CMakeFiles/CMakeTmp/CheckIncludeFile.cxx
/home/sif/lststools/dune/build/CMakeFiles/CMakeTmp/CheckIncludeFile.cxx:1:10: fatal error: ftd2xx.h: No such file or directory
    1 | #include <ftd2xx.h>
      |          ^~~~~~~~~~
compilation terminated.
make[1]: *** [CMakeFiles/cmTC_a6790.dir/build.make:66: CMakeFiles/cmTC_a6790.dir/CheckIncludeFile.cxx.o] Error 1
make[1]: Leaving directory '/home/sif/lststools/dune/build/CMakeFiles/CMakeTmp'
make: *** [Makefile:121: cmTC_a6790/fast] Error 2



Determining if the function jpeg_set_defaults exists in the jpeg failed with the following output:
Change Dir: /home/sif/lststools/dune/build/CMakeFiles/CMakeTmp

Run Build Command(s):/usr/bin/make cmTC_c2765/fast && /usr/bin/make -f CMakeFiles/cmTC_c2765.dir/build.make CMakeFiles/cmTC_c2765.dir/build
make[1]: Entering directory '/home/sif/lststools/dune/build/CMakeFiles/CMakeTmp'
Building C object CMakeFiles/cmTC_c2765.dir/CheckFunctionExists.c.o
/usr/bin/cc   -DCHECK_FUNCTION_EXISTS=jpeg_set_defaults -Wall -Wshadow -pedantic   -o CMakeFiles/cmTC_c2765.dir/CheckFunctionExists.c.o   -c /usr/share/cmake-3.16/Modules/CheckFunctionExists.c
Linking C executable cmTC_c2765
/usr/bin/cmake -E cmake_link_script CMakeFiles/cmTC_c2765.dir/link.txt --verbose=1
/usr/bin/cc  -DCHECK_FUNCTION_EXISTS=jpeg_set_defaults -Wall -Wshadow -pedantic    -rdynamic CMakeFiles/cmTC_c2765.dir/CheckFunctionExists.c.o  -o cmTC_c2765  -ljpeg -lrt -lpthread -lm -lnsl -ldl 
/usr/bin/ld: cannot find -ljpeg
collect2: error: ld returned 1 exit status
make[1]: *** [CMakeFiles/cmTC_c2765.dir/build.make:87: cmTC_c2765] Error 1
make[1]: Leaving directory '/home/sif/lststools/dune/build/CMakeFiles/CMakeTmp'
make: *** [Makefile:121: cmTC_c2765/fast] Error 2



Performing C++ SOURCE FILE Test DUNE_SYS_HAS_JPEGLIB_H failed with the following output:
Change Dir: /home/sif/lststools/dune/build/CMakeFiles/CMakeTmp

Run Build Command(s):/usr/bin/make cmTC_252dc/fast && /usr/bin/make -f CMakeFiles/cmTC_252dc.dir/build.make CMakeFiles/cmTC_252dc.dir/build
make[1]: Entering directory '/home/sif/lststools/dune/build/CMakeFiles/CMakeTmp'
Building CXX object CMakeFiles/cmTC_252dc.dir/src.cxx.o
/usr/bin/c++    -DDUNE_SYS_HAS_JPEGLIB_H -Wall -Wshadow -pedantic   -o CMakeFiles/cmTC_252dc.dir/src.cxx.o -c /home/sif/lststools/dune/build/CMakeFiles/CMakeTmp/src.cxx
/home/sif/lststools/dune/build/CMakeFiles/CMakeTmp/src.cxx:4:10: fatal error: jpeglib.h: No such file or directory
    4 | #include <jpeglib.h>
      |          ^~~~~~~~~~~
compilation terminated.
make[1]: *** [CMakeFiles/cmTC_252dc.dir/build.make:66: CMakeFiles/cmTC_252dc.dir/src.cxx.o] Error 1
make[1]: Leaving directory '/home/sif/lststools/dune/build/CMakeFiles/CMakeTmp'
make: *** [Makefile:121: cmTC_252dc/fast] Error 2


Source file was:
#include <sys/types.h>
#include <stdio.h>

#include <jpeglib.h>
int main(void){ return 0; }

Performing C++ SOURCE FILE Test HAVE_LIB_JPEG_80 failed with the following output:
Change Dir: /home/sif/lststools/dune/build/CMakeFiles/CMakeTmp

Run Build Command(s):/usr/bin/make cmTC_a764b/fast && /usr/bin/make -f CMakeFiles/cmTC_a764b.dir/build.make CMakeFiles/cmTC_a764b.dir/build
make[1]: Entering directory '/home/sif/lststools/dune/build/CMakeFiles/CMakeTmp'
Building CXX object CMakeFiles/cmTC_a764b.dir/src.cxx.o
/usr/bin/c++    -DHAVE_LIB_JPEG_80 -Wall -Wshadow -pedantic   -o CMakeFiles/cmTC_a764b.dir/src.cxx.o -c /home/sif/lststools/dune/build/CMakeFiles/CMakeTmp/src.cxx
/home/sif/lststools/dune/build/CMakeFiles/CMakeTmp/src.cxx:3:10: fatal error: jpeglib.h: No such file or directory
    3 | #include <jpeglib.h>
      |          ^~~~~~~~~~~
compilation terminated.
make[1]: *** [CMakeFiles/cmTC_a764b.dir/build.make:66: CMakeFiles/cmTC_a764b.dir/src.cxx.o] Error 1
make[1]: Leaving directory '/home/sif/lststools/dune/build/CMakeFiles/CMakeTmp'
make: *** [Makefile:121: cmTC_a764b/fast] Error 2


Source file was:

#include <stdio.h>
#include <jpeglib.h>
#if JPEG_LIB_VERSION < 80
#  error JPEG too old
#endif
int main(void) {return 0;}
Determining if the function hid_close exists in the hidapi-libusb failed with the following output:
Change Dir: /home/sif/lststools/dune/build/CMakeFiles/CMakeTmp

Run Build Command(s):/usr/bin/make cmTC_b630f/fast && /usr/bin/make -f CMakeFiles/cmTC_b630f.dir/build.make CMakeFiles/cmTC_b630f.dir/build
make[1]: Entering directory '/home/sif/lststools/dune/build/CMakeFiles/CMakeTmp'
Building C object CMakeFiles/cmTC_b630f.dir/CheckFunctionExists.c.o
/usr/bin/cc   -DCHECK_FUNCTION_EXISTS=hid_close -Wall -Wshadow -pedantic   -o CMakeFiles/cmTC_b630f.dir/CheckFunctionExists.c.o   -c /usr/share/cmake-3.16/Modules/CheckFunctionExists.c
Linking C executable cmTC_b630f
/usr/bin/cmake -E cmake_link_script CMakeFiles/cmTC_b630f.dir/link.txt --verbose=1
/usr/bin/cc  -DCHECK_FUNCTION_EXISTS=hid_close -Wall -Wshadow -pedantic    -rdynamic CMakeFiles/cmTC_b630f.dir/CheckFunctionExists.c.o  -o cmTC_b630f  -lhidapi-libusb -lrt -lpthread -lm -lnsl -ldl 
/usr/bin/ld: cannot find -lhidapi-libusb
collect2: error: ld returned 1 exit status
make[1]: *** [CMakeFiles/cmTC_b630f.dir/build.make:87: cmTC_b630f] Error 1
make[1]: Leaving directory '/home/sif/lststools/dune/build/CMakeFiles/CMakeTmp'
make: *** [Makefile:121: cmTC_b630f/fast] Error 2



Determining if the function usb_device_find_USB_MCC exists in the mccusb failed with the following output:
Change Dir: /home/sif/lststools/dune/build/CMakeFiles/CMakeTmp

Run Build Command(s):/usr/bin/make cmTC_fe692/fast && /usr/bin/make -f CMakeFiles/cmTC_fe692.dir/build.make CMakeFiles/cmTC_fe692.dir/build
make[1]: Entering directory '/home/sif/lststools/dune/build/CMakeFiles/CMakeTmp'
Building C object CMakeFiles/cmTC_fe692.dir/CheckFunctionExists.c.o
/usr/bin/cc   -DCHECK_FUNCTION_EXISTS=usb_device_find_USB_MCC -Wall -Wshadow -pedantic   -o CMakeFiles/cmTC_fe692.dir/CheckFunctionExists.c.o   -c /usr/share/cmake-3.16/Modules/CheckFunctionExists.c
Linking C executable cmTC_fe692
/usr/bin/cmake -E cmake_link_script CMakeFiles/cmTC_fe692.dir/link.txt --verbose=1
/usr/bin/cc  -DCHECK_FUNCTION_EXISTS=usb_device_find_USB_MCC -Wall -Wshadow -pedantic    -rdynamic CMakeFiles/cmTC_fe692.dir/CheckFunctionExists.c.o  -o cmTC_fe692  -lmccusb -lrt -lpthread -lm -lnsl -ldl 
/usr/bin/ld: cannot find -lmccusb
collect2: error: ld returned 1 exit status
make[1]: *** [CMakeFiles/cmTC_fe692.dir/build.make:87: cmTC_fe692] Error 1
make[1]: Leaving directory '/home/sif/lststools/dune/build/CMakeFiles/CMakeTmp'
make: *** [Makefile:121: cmTC_fe692/fast] Error 2



Determining if the include file mccusb/pmd.h exists failed with the following output:
Change Dir: /home/sif/lststools/dune/build/CMakeFiles/CMakeTmp

Run Build Command(s):/usr/bin/make cmTC_3963f/fast && /usr/bin/make -f CMakeFiles/cmTC_3963f.dir/build.make CMakeFiles/cmTC_3963f.dir/build
make[1]: Entering directory '/home/sif/lststools/dune/build/CMakeFiles/CMakeTmp'
Building CXX object CMakeFiles/cmTC_3963f.dir/CheckIncludeFile.cxx.o
/usr/bin/c++    -Wall -Wshadow -pedantic   -o CMakeFiles/cmTC_3963f.dir/CheckIncludeFile.cxx.o -c /home/sif/lststools/dune/build/CMakeFiles/CMakeTmp/CheckIncludeFile.cxx
/home/sif/lststools/dune/build/CMakeFiles/CMakeTmp/CheckIncludeFile.cxx:1:10: fatal error: mccusb/pmd.h: No such file or directory
    1 | #include <mccusb/pmd.h>
      |          ^~~~~~~~~~~~~~
compilation terminated.
make[1]: *** [CMakeFiles/cmTC_3963f.dir/build.make:66: CMakeFiles/cmTC_3963f.dir/CheckIncludeFile.cxx.o] Error 1
make[1]: Leaving directory '/home/sif/lststools/dune/build/CMakeFiles/CMakeTmp'
make: *** [Makefile:121: cmTC_3963f/fast] Error 2



Determining if the function CPhidgetBridge_setEnabled exists in the phidget21 failed with the following output:
Change Dir: /home/sif/lststools/dune/build/CMakeFiles/CMakeTmp

Run Build Command(s):/usr/bin/make cmTC_19928/fast && /usr/bin/make -f CMakeFiles/cmTC_19928.dir/build.make CMakeFiles/cmTC_19928.dir/build
make[1]: Entering directory '/home/sif/lststools/dune/build/CMakeFiles/CMakeTmp'
Building C object CMakeFiles/cmTC_19928.dir/CheckFunctionExists.c.o
/usr/bin/cc   -DCHECK_FUNCTION_EXISTS=CPhidgetBridge_setEnabled -Wall -Wshadow -pedantic   -o CMakeFiles/cmTC_19928.dir/CheckFunctionExists.c.o   -c /usr/share/cmake-3.16/Modules/CheckFunctionExists.c
Linking C executable cmTC_19928
/usr/bin/cmake -E cmake_link_script CMakeFiles/cmTC_19928.dir/link.txt --verbose=1
/usr/bin/cc  -DCHECK_FUNCTION_EXISTS=CPhidgetBridge_setEnabled -Wall -Wshadow -pedantic    -rdynamic CMakeFiles/cmTC_19928.dir/CheckFunctionExists.c.o  -o cmTC_19928  -lphidget21 -lrt -lpthread -lm -lnsl -ldl 
/usr/bin/ld: cannot find -lphidget21
collect2: error: ld returned 1 exit status
make[1]: *** [CMakeFiles/cmTC_19928.dir/build.make:87: cmTC_19928] Error 1
make[1]: Leaving directory '/home/sif/lststools/dune/build/CMakeFiles/CMakeTmp'
make: *** [Makefile:121: cmTC_19928/fast] Error 2



Determining if the include file phidget21.h exists failed with the following output:
Change Dir: /home/sif/lststools/dune/build/CMakeFiles/CMakeTmp

Run Build Command(s):/usr/bin/make cmTC_b2bb4/fast && /usr/bin/make -f CMakeFiles/cmTC_b2bb4.dir/build.make CMakeFiles/cmTC_b2bb4.dir/build
make[1]: Entering directory '/home/sif/lststools/dune/build/CMakeFiles/CMakeTmp'
Building CXX object CMakeFiles/cmTC_b2bb4.dir/CheckIncludeFile.cxx.o
/usr/bin/c++    -Wall -Wshadow -pedantic   -o CMakeFiles/cmTC_b2bb4.dir/CheckIncludeFile.cxx.o -c /home/sif/lststools/dune/build/CMakeFiles/CMakeTmp/CheckIncludeFile.cxx
/home/sif/lststools/dune/build/CMakeFiles/CMakeTmp/CheckIncludeFile.cxx:1:10: fatal error: phidget21.h: No such file or directory
    1 | #include <phidget21.h>
      |          ^~~~~~~~~~~~~
compilation terminated.
make[1]: *** [CMakeFiles/cmTC_b2bb4.dir/build.make:66: CMakeFiles/cmTC_b2bb4.dir/CheckIncludeFile.cxx.o] Error 1
make[1]: Leaving directory '/home/sif/lststools/dune/build/CMakeFiles/CMakeTmp'
make: *** [Makefile:121: cmTC_b2bb4/fast] Error 2



Determining if the function sbp_state_init exists in the swiftnav-static failed with the following output:
Change Dir: /home/sif/lststools/dune/build/CMakeFiles/CMakeTmp

Run Build Command(s):/usr/bin/make cmTC_89f32/fast && /usr/bin/make -f CMakeFiles/cmTC_89f32.dir/build.make CMakeFiles/cmTC_89f32.dir/build
make[1]: Entering directory '/home/sif/lststools/dune/build/CMakeFiles/CMakeTmp'
Building C object CMakeFiles/cmTC_89f32.dir/CheckFunctionExists.c.o
/usr/bin/cc   -DCHECK_FUNCTION_EXISTS=sbp_state_init -Wall -Wshadow -pedantic   -o CMakeFiles/cmTC_89f32.dir/CheckFunctionExists.c.o   -c /usr/share/cmake-3.16/Modules/CheckFunctionExists.c
Linking C executable cmTC_89f32
/usr/bin/cmake -E cmake_link_script CMakeFiles/cmTC_89f32.dir/link.txt --verbose=1
/usr/bin/cc  -DCHECK_FUNCTION_EXISTS=sbp_state_init -Wall -Wshadow -pedantic    -rdynamic CMakeFiles/cmTC_89f32.dir/CheckFunctionExists.c.o  -o cmTC_89f32  -lswiftnav-static -lrt -lpthread -lm -lnsl -ldl 
/usr/bin/ld: cannot find -lswiftnav-static
collect2: error: ld returned 1 exit status
make[1]: *** [CMakeFiles/cmTC_89f32.dir/build.make:87: cmTC_89f32] Error 1
make[1]: Leaving directory '/home/sif/lststools/dune/build/CMakeFiles/CMakeTmp'
make: *** [Makefile:121: cmTC_89f32/fast] Error 2



Determining if the include file libswiftnav/sbp.h exists failed with the following output:
Change Dir: /home/sif/lststools/dune/build/CMakeFiles/CMakeTmp

Run Build Command(s):/usr/bin/make cmTC_02ec2/fast && /usr/bin/make -f CMakeFiles/cmTC_02ec2.dir/build.make CMakeFiles/cmTC_02ec2.dir/build
make[1]: Entering directory '/home/sif/lststools/dune/build/CMakeFiles/CMakeTmp'
Building CXX object CMakeFiles/cmTC_02ec2.dir/CheckIncludeFile.cxx.o
/usr/bin/c++    -Wall -Wshadow -pedantic   -o CMakeFiles/cmTC_02ec2.dir/CheckIncludeFile.cxx.o -c /home/sif/lststools/dune/build/CMakeFiles/CMakeTmp/CheckIncludeFile.cxx
/home/sif/lststools/dune/build/CMakeFiles/CMakeTmp/CheckIncludeFile.cxx:1:10: fatal error: libswiftnav/sbp.h: No such file or directory
    1 | #include <libswiftnav/sbp.h>
      |          ^~~~~~~~~~~~~~~~~~~
compilation terminated.
make[1]: *** [CMakeFiles/cmTC_02ec2.dir/build.make:66: CMakeFiles/cmTC_02ec2.dir/CheckIncludeFile.cxx.o] Error 1
make[1]: Leaving directory '/home/sif/lststools/dune/build/CMakeFiles/CMakeTmp'
make: *** [Makefile:121: cmTC_02ec2/fast] Error 2



